[0.407s] Invoking command in '/home/oem/tello_ros_ws/src/tello_ros/build/tello_msgs': CMAKE_PREFIX_PATH=/home/oem/tello_ros_ws/install/monitor:/home/oem/tello_ros_ws/install/py_pubsub:/opt/ros/foxy:${CMAKE_PREFIX_PATH} /usr/local/bin/cmake /home/oem/tello_ros_ws/src/tello_ros/tello_msgs -DCMAKE_INSTALL_PREFIX=/home/oem/tello_ros_ws/src/tello_ros/install/tello_msgs
[0.665s] -- The C compiler identification is GNU 9.4.0
[0.665s] -- The CXX compiler identification is GNU 9.4.0
[0.665s] -- Detecting C compiler ABI info
[0.665s] -- Detecting C compiler ABI info - done
[0.665s] -- Check for working C compiler: /usr/bin/cc - skipped
[0.665s] -- Detecting C compile features
[0.665s] -- Detecting C compile features - done
[0.665s] -- Detecting CXX compiler ABI info
[0.665s] -- Detecting CXX compiler ABI info - done
[0.665s] -- Check for working CXX compiler: /usr/bin/c++ - skipped
[0.665s] -- Detecting CXX compile features
[0.665s] -- Detecting CXX compile features - done
[0.665s] -- Found ament_cmake: 0.9.12 (/opt/ros/foxy/share/ament_cmake/cmake)
[0.666s] -- Found PythonInterp: /usr/bin/python3 (found suitable version "3.8.10", minimum required is "3") 
[0.666s] -- Using PYTHON_EXECUTABLE: /usr/bin/python3
[0.666s] -- Found rosidl_default_generators: 1.0.1 (/opt/ros/foxy/share/rosidl_default_generators/cmake)
[0.666s] -- Using all available rosidl_typesupport_c: rosidl_typesupport_fastrtps_c;rosidl_typesupport_introspection_c
[0.666s] -- Found rosidl_adapter: 1.3.1 (/opt/ros/foxy/share/rosidl_adapter/cmake)
[0.666s] [33mCMake Warning (dev) at /opt/ros/foxy/share/ament_cmake_core/cmake/core/python.cmake:22 (find_package):
[0.666s]   Policy CMP0148 is not set: The FindPythonInterp and FindPythonLibs modules
[0.666s]   are removed.  Run "cmake --help-policy CMP0148" for policy details.  Use
[0.666s]   the cmake_policy command to set the policy and suppress this warning.
[0.666s] 
[0.666s] Call Stack (most recent call first):
[0.666s]   /opt/ros/foxy/share/ament_cmake_core/cmake/core/all.cmake:53 (include)
[0.666s]   /opt/ros/foxy/share/ament_cmake_core/cmake/ament_cmake_core-extras.cmake:17 (include)
[0.666s]   /opt/ros/foxy/share/ament_cmake_core/cmake/ament_cmake_coreConfig.cmake:41 (include)
[0.666s]   /opt/ros/foxy/share/ament_cmake/cmake/ament_cmake_export_dependencies-extras.cmake:15 (find_package)
[0.666s]   /opt/ros/foxy/share/ament_cmake/cmake/ament_cmakeConfig.cmake:41 (include)
[0.666s]   CMakeLists.txt:20 (find_package)
[0.666s] This warning is for project developers.  Use -Wno-dev to suppress it.
[0.666s] [0m
[0.707s] -- Found OpenSSL: /usr/lib/x86_64-linux-gnu/libcrypto.so (found version "1.1.1f")  
[0.723s] -- Found FastRTPS: /opt/ros/foxy/include  
[0.762s] -- Using all available rosidl_typesupport_cpp: rosidl_typesupport_fastrtps_cpp;rosidl_typesupport_introspection_cpp
[0.773s] -- Found std_msgs: 2.0.5 (/opt/ros/foxy/share/std_msgs/cmake)
[0.788s] [33mCMake Warning (dev) at /opt/ros/foxy/share/rosidl_adapter/cmake/rosidl_adapt_interfaces.cmake:40 (find_package):
[0.788s]   Policy CMP0148 is not set: The FindPythonInterp and FindPythonLibs modules
[0.788s]   are removed.  Run "cmake --help-policy CMP0148" for policy details.  Use
[0.788s]   the cmake_policy command to set the policy and suppress this warning.
[0.788s] 
[0.788s] Call Stack (most recent call first):
[0.788s]   /opt/ros/foxy/share/rosidl_cmake/cmake/rosidl_generate_interfaces.cmake:130 (rosidl_adapt_interfaces)
[0.788s]   CMakeLists.txt:25 (rosidl_generate_interfaces)
[0.788s] This warning is for project developers.  Use -Wno-dev to suppress it.
[0.788s] [0m
[0.798s] -- Found PythonInterp: /usr/bin/python3 (found version "3.8.10") 
[0.875s] -- Found ament_cmake_ros: 0.9.2 (/opt/ros/foxy/share/ament_cmake_ros/cmake)
[0.956s] -- Using all available rosidl_typesupport_c: rosidl_typesupport_fastrtps_c;rosidl_typesupport_introspection_c
[0.978s] -- Using all available rosidl_typesupport_cpp: rosidl_typesupport_fastrtps_cpp;rosidl_typesupport_introspection_cpp
[0.980s] [33mCMake Warning (dev) at /opt/ros/foxy/share/rosidl_generator_py/cmake/rosidl_generator_py_generate_interfaces.cmake:20 (find_package):
[0.980s]   Policy CMP0148 is not set: The FindPythonInterp and FindPythonLibs modules
[0.980s]   are removed.  Run "cmake --help-policy CMP0148" for policy details.  Use
[0.980s]   the cmake_policy command to set the policy and suppress this warning.
[0.980s] 
[0.980s] Call Stack (most recent call first):
[0.980s]   /opt/ros/foxy/share/ament_cmake_core/cmake/core/ament_execute_extensions.cmake:48 (include)
[0.981s]   /opt/ros/foxy/share/rosidl_cmake/cmake/rosidl_generate_interfaces.cmake:286 (ament_execute_extensions)
[0.981s]   CMakeLists.txt:25 (rosidl_generate_interfaces)
[0.981s] This warning is for project developers.  Use -Wno-dev to suppress it.
[0.981s] [0m
[0.991s] -- Found PythonInterp: /usr/bin/python3 (found suitable version "3.8.10", minimum required is "3.5") 
[0.992s] -- Found python_cmake_module: 0.8.1 (/opt/ros/foxy/share/python_cmake_module/cmake)
[0.992s] [33mCMake Warning (dev) at /opt/ros/foxy/share/python_cmake_module/cmake/Modules/FindPythonExtra.cmake:45 (find_package):
[0.992s]   Policy CMP0148 is not set: The FindPythonInterp and FindPythonLibs modules
[0.992s]   are removed.  Run "cmake --help-policy CMP0148" for policy details.  Use
[0.992s]   the cmake_policy command to set the policy and suppress this warning.
[0.992s] 
[0.992s] Call Stack (most recent call first):
[0.992s]   /opt/ros/foxy/share/rosidl_generator_py/cmake/rosidl_generator_py_generate_interfaces.cmake:23 (find_package)
[0.992s]   /opt/ros/foxy/share/ament_cmake_core/cmake/core/ament_execute_extensions.cmake:48 (include)
[0.992s]   /opt/ros/foxy/share/rosidl_cmake/cmake/rosidl_generate_interfaces.cmake:286 (ament_execute_extensions)
[0.992s]   CMakeLists.txt:25 (rosidl_generate_interfaces)
[0.992s] This warning is for project developers.  Use -Wno-dev to suppress it.
[0.992s] [0m
[1.003s] [33mCMake Warning (dev) at /opt/ros/foxy/share/python_cmake_module/cmake/Modules/FindPythonExtra.cmake:133 (find_package):
[1.003s]   Policy CMP0148 is not set: The FindPythonInterp and FindPythonLibs modules
[1.003s]   are removed.  Run "cmake --help-policy CMP0148" for policy details.  Use
[1.003s]   the cmake_policy command to set the policy and suppress this warning.
[1.003s] 
[1.003s] Call Stack (most recent call first):
[1.003s]   /opt/ros/foxy/share/rosidl_generator_py/cmake/rosidl_generator_py_generate_interfaces.cmake:23 (find_package)
[1.003s]   /opt/ros/foxy/share/ament_cmake_core/cmake/core/ament_execute_extensions.cmake:48 (include)
[1.003s]   /opt/ros/foxy/share/rosidl_cmake/cmake/rosidl_generate_interfaces.cmake:286 (ament_execute_extensions)
[1.003s]   CMakeLists.txt:25 (rosidl_generate_interfaces)
[1.003s] This warning is for project developers.  Use -Wno-dev to suppress it.
[1.004s] [0m
[1.006s] -- Found PythonLibs: /usr/lib/x86_64-linux-gnu/libpython3.8.so (found suitable version "3.8.10", minimum required is "3.5") 
[1.007s] -- Using PYTHON_EXECUTABLE: /usr/bin/python3
[1.008s] -- Using PYTHON_INCLUDE_DIRS: /usr/include/python3.8
[1.008s] -- Using PYTHON_LIBRARIES: /usr/lib/x86_64-linux-gnu/libpython3.8.so
[1.017s] -- Found PythonExtra: .so  
[1.047s] -- Configuring done (0.6s)
[1.065s] -- Generating done (0.0s)
[1.066s] -- Build files have been written to: /home/oem/tello_ros_ws/src/tello_ros/build/tello_msgs
[1.147s] Invoked command in '/home/oem/tello_ros_ws/src/tello_ros/build/tello_msgs' returned '0': CMAKE_PREFIX_PATH=/home/oem/tello_ros_ws/install/monitor:/home/oem/tello_ros_ws/install/py_pubsub:/opt/ros/foxy:${CMAKE_PREFIX_PATH} /usr/local/bin/cmake /home/oem/tello_ros_ws/src/tello_ros/tello_msgs -DCMAKE_INSTALL_PREFIX=/home/oem/tello_ros_ws/src/tello_ros/install/tello_msgs
[1.149s] Invoking command in '/home/oem/tello_ros_ws/src/tello_ros/build/tello_msgs': CMAKE_PREFIX_PATH=/home/oem/tello_ros_ws/install/monitor:/home/oem/tello_ros_ws/install/py_pubsub:/opt/ros/foxy:${CMAKE_PREFIX_PATH} /usr/local/bin/cmake --build /home/oem/tello_ros_ws/src/tello_ros/build/tello_msgs -- -j32 -l32
[1.159s] [  2%] [34m[1mGenerating C code for ROS interfaces[0m
[1.159s] [  4%] [34m[1mGenerating C++ code for ROS interfaces[0m
[1.399s] [  4%] Built target tello_msgs__cpp
[1.401s] [  6%] [34m[1mGenerating C++ type support dispatch for ROS interfaces[0m
[1.402s] [  8%] [34m[1mGenerating C++ type support for eProsima Fast-RTPS[0m
[1.402s] [ 10%] [34m[1mGenerating C++ introspection for ROS interfaces[0m
[1.406s] [ 12%] [32mBuilding C object CMakeFiles/tello_msgs__rosidl_generator_c.dir/rosidl_generator_c/tello_msgs/msg/detail/flight_data__functions.c.o[0m
[1.406s] [ 14%] [32mBuilding C object CMakeFiles/tello_msgs__rosidl_generator_c.dir/rosidl_generator_c/tello_msgs/msg/detail/tello_response__functions.c.o[0m
[1.406s] [ 17%] [32mBuilding C object CMakeFiles/tello_msgs__rosidl_generator_c.dir/rosidl_generator_c/tello_msgs/srv/detail/tello_action__functions.c.o[0m
[1.430s] [ 19%] [32m[1mLinking C shared library libtello_msgs__rosidl_generator_c.so[0m
[1.442s] [ 19%] Built target tello_msgs__rosidl_generator_c
[1.445s] [ 23%] [34m[1mGenerating C introspection for ROS interfaces[0m
[1.445s] [ 23%] [34m[1mGenerating C type support dispatch for ROS interfaces[0m
[1.621s] [ 25%] [32mBuilding CXX object CMakeFiles/tello_msgs__rosidl_typesupport_cpp.dir/rosidl_typesupport_cpp/tello_msgs/msg/flight_data__type_support.cpp.o[0m
[1.621s] [ 27%] [32mBuilding CXX object CMakeFiles/tello_msgs__rosidl_typesupport_cpp.dir/rosidl_typesupport_cpp/tello_msgs/msg/tello_response__type_support.cpp.o[0m
[1.621s] [ 29%] [32mBuilding CXX object CMakeFiles/tello_msgs__rosidl_typesupport_cpp.dir/rosidl_typesupport_cpp/tello_msgs/srv/tello_action__type_support.cpp.o[0m
[1.630s] [ 31%] [32mBuilding CXX object CMakeFiles/tello_msgs__rosidl_typesupport_introspection_cpp.dir/rosidl_typesupport_introspection_cpp/tello_msgs/msg/detail/flight_data__type_support.cpp.o[0m
[1.631s] [ 34%] [32mBuilding CXX object CMakeFiles/tello_msgs__rosidl_typesupport_introspection_cpp.dir/rosidl_typesupport_introspection_cpp/tello_msgs/msg/detail/tello_response__type_support.cpp.o[0m
[1.631s] [ 36%] [32mBuilding CXX object CMakeFiles/tello_msgs__rosidl_typesupport_introspection_cpp.dir/rosidl_typesupport_introspection_cpp/tello_msgs/srv/detail/tello_action__type_support.cpp.o[0m
[1.644s] [ 38%] [32mBuilding CXX object CMakeFiles/tello_msgs__rosidl_typesupport_fastrtps_cpp.dir/rosidl_typesupport_fastrtps_cpp/tello_msgs/msg/detail/dds_fastrtps/flight_data__type_support.cpp.o[0m
[1.645s] [ 42%] [32mBuilding CXX object CMakeFiles/tello_msgs__rosidl_typesupport_fastrtps_cpp.dir/rosidl_typesupport_fastrtps_cpp/tello_msgs/msg/detail/dds_fastrtps/tello_response__type_support.cpp.o[0m
[1.645s] [ 42%] [32mBuilding CXX object CMakeFiles/tello_msgs__rosidl_typesupport_fastrtps_cpp.dir/rosidl_typesupport_fastrtps_cpp/tello_msgs/srv/detail/dds_fastrtps/tello_action__type_support.cpp.o[0m
[1.666s] [ 44%] [32mBuilding CXX object CMakeFiles/tello_msgs__rosidl_typesupport_c.dir/rosidl_typesupport_c/tello_msgs/msg/flight_data__type_support.cpp.o[0m
[1.666s] [ 46%] [32mBuilding CXX object CMakeFiles/tello_msgs__rosidl_typesupport_c.dir/rosidl_typesupport_c/tello_msgs/msg/tello_response__type_support.cpp.o[0m
[1.666s] [ 48%] [32mBuilding CXX object CMakeFiles/tello_msgs__rosidl_typesupport_c.dir/rosidl_typesupport_c/tello_msgs/srv/tello_action__type_support.cpp.o[0m
[1.681s] [ 51%] [32mBuilding C object CMakeFiles/tello_msgs__rosidl_typesupport_introspection_c.dir/rosidl_typesupport_introspection_c/tello_msgs/msg/detail/flight_data__type_support.c.o[0m
[1.681s] [ 55%] [32mBuilding C object CMakeFiles/tello_msgs__rosidl_typesupport_introspection_c.dir/rosidl_typesupport_introspection_c/tello_msgs/msg/detail/tello_response__type_support.c.o[0m
[1.681s] [ 55%] [32mBuilding C object CMakeFiles/tello_msgs__rosidl_typesupport_introspection_c.dir/rosidl_typesupport_introspection_c/tello_msgs/srv/detail/tello_action__type_support.c.o[0m
[1.686s] [ 57%] [32m[1mLinking CXX shared library libtello_msgs__rosidl_typesupport_c.so[0m
[1.702s] [ 59%] [32m[1mLinking C shared library libtello_msgs__rosidl_typesupport_introspection_c.so[0m
[1.707s] [ 59%] Built target tello_msgs__rosidl_typesupport_c
[1.712s] [ 59%] Built target tello_msgs__rosidl_typesupport_introspection_c
[1.731s] [ 61%] [32m[1mLinking CXX shared library libtello_msgs__rosidl_typesupport_cpp.so[0m
[1.746s] [ 61%] Built target tello_msgs__rosidl_typesupport_cpp
[1.789s] [ 63%] [32m[1mLinking CXX shared library libtello_msgs__rosidl_typesupport_introspection_cpp.so[0m
[1.814s] [ 63%] Built target tello_msgs__rosidl_typesupport_introspection_cpp
[1.848s] [ 65%] [32m[1mLinking CXX shared library libtello_msgs__rosidl_typesupport_fastrtps_cpp.so[0m
[1.882s] [ 65%] Built target tello_msgs__rosidl_typesupport_fastrtps_cpp
[1.884s] [ 68%] [34m[1mGenerating C type support for eProsima Fast-RTPS[0m
[2.110s] [ 70%] [32mBuilding CXX object CMakeFiles/tello_msgs__rosidl_typesupport_fastrtps_c.dir/rosidl_typesupport_fastrtps_c/tello_msgs/msg/detail/flight_data__type_support_c.cpp.o[0m
[2.110s] [ 72%] [32mBuilding CXX object CMakeFiles/tello_msgs__rosidl_typesupport_fastrtps_c.dir/rosidl_typesupport_fastrtps_c/tello_msgs/msg/detail/tello_response__type_support_c.cpp.o[0m
[2.110s] [ 74%] [32mBuilding CXX object CMakeFiles/tello_msgs__rosidl_typesupport_fastrtps_c.dir/rosidl_typesupport_fastrtps_c/tello_msgs/srv/detail/tello_action__type_support_c.cpp.o[0m
[2.250s] [ 76%] [32m[1mLinking CXX shared library libtello_msgs__rosidl_typesupport_fastrtps_c.so[0m
[2.283s] [ 76%] Built target tello_msgs__rosidl_typesupport_fastrtps_c
[2.288s] [ 76%] Built target tello_msgs
[2.293s] [ 78%] [34m[1mGenerating Python code for ROS interfaces[0m
[2.781s] [ 78%] Built target tello_msgs__py
[2.786s] [ 80%] [32mBuilding C object CMakeFiles/tello_msgs__python.dir/rosidl_generator_py/tello_msgs/msg/_flight_data_s.c.o[0m
[2.786s] [ 82%] [32mBuilding C object CMakeFiles/tello_msgs__python.dir/rosidl_generator_py/tello_msgs/msg/_tello_response_s.c.o[0m
[2.786s] [ 85%] [32mBuilding C object CMakeFiles/tello_msgs__python.dir/rosidl_generator_py/tello_msgs/srv/_tello_action_s.c.o[0m
[2.829s] [ 87%] [32m[1mLinking C shared library rosidl_generator_py/tello_msgs/libtello_msgs__python.so[0m
[2.843s] [ 87%] Built target tello_msgs__python
[2.848s] [ 89%] [32mBuilding C object CMakeFiles/tello_msgs__rosidl_typesupport_fastrtps_c__pyext.dir/rosidl_generator_py/tello_msgs/_tello_msgs_s.ep.rosidl_typesupport_fastrtps_c.c.o[0m
[2.848s] [ 91%] [32mBuilding C object CMakeFiles/tello_msgs__rosidl_typesupport_introspection_c__pyext.dir/rosidl_generator_py/tello_msgs/_tello_msgs_s.ep.rosidl_typesupport_introspection_c.c.o[0m
[2.848s] [ 93%] [32mBuilding C object CMakeFiles/tello_msgs__rosidl_typesupport_c__pyext.dir/rosidl_generator_py/tello_msgs/_tello_msgs_s.ep.rosidl_typesupport_c.c.o[0m
[2.886s] [100%] [32m[1mLinking C shared library rosidl_generator_py/tello_msgs/tello_msgs_s__rosidl_typesupport_introspection_c.cpython-38-x86_64-linux-gnu.so[0m
[2.886s] [100%] [32m[1mLinking C shared library rosidl_generator_py/tello_msgs/tello_msgs_s__rosidl_typesupport_c.cpython-38-x86_64-linux-gnu.so[0m
[2.886s] [100%] [32m[1mLinking CXX shared library rosidl_generator_py/tello_msgs/tello_msgs_s__rosidl_typesupport_fastrtps_c.cpython-38-x86_64-linux-gnu.so[0m
[2.898s] [100%] Built target tello_msgs__rosidl_typesupport_introspection_c__pyext
[2.898s] [100%] Built target tello_msgs__rosidl_typesupport_c__pyext
[2.911s] [100%] Built target tello_msgs__rosidl_typesupport_fastrtps_c__pyext
[2.914s] Invoked command in '/home/oem/tello_ros_ws/src/tello_ros/build/tello_msgs' returned '0': CMAKE_PREFIX_PATH=/home/oem/tello_ros_ws/install/monitor:/home/oem/tello_ros_ws/install/py_pubsub:/opt/ros/foxy:${CMAKE_PREFIX_PATH} /usr/local/bin/cmake --build /home/oem/tello_ros_ws/src/tello_ros/build/tello_msgs -- -j32 -l32
[3.038s] Invoking command in '/home/oem/tello_ros_ws/src/tello_ros/build/tello_msgs': CMAKE_PREFIX_PATH=/home/oem/tello_ros_ws/install/monitor:/home/oem/tello_ros_ws/install/py_pubsub:/opt/ros/foxy:${CMAKE_PREFIX_PATH} /usr/local/bin/cmake --install /home/oem/tello_ros_ws/src/tello_ros/build/tello_msgs
[3.044s] -- Install configuration: ""
[3.044s] -- Installing: /home/oem/tello_ros_ws/src/tello_ros/install/tello_msgs/share/ament_index/resource_index/rosidl_interfaces/tello_msgs
[3.044s] -- Installing: /home/oem/tello_ros_ws/src/tello_ros/install/tello_msgs/include/tello_msgs
[3.044s] -- Installing: /home/oem/tello_ros_ws/src/tello_ros/install/tello_msgs/include/tello_msgs/msg
[3.044s] -- Installing: /home/oem/tello_ros_ws/src/tello_ros/install/tello_msgs/include/tello_msgs/msg/flight_data.h
[3.044s] -- Installing: /home/oem/tello_ros_ws/src/tello_ros/install/tello_msgs/include/tello_msgs/msg/rosidl_generator_c__visibility_control.h
[3.044s] -- Installing: /home/oem/tello_ros_ws/src/tello_ros/install/tello_msgs/include/tello_msgs/msg/detail
[3.044s] -- Installing: /home/oem/tello_ros_ws/src/tello_ros/install/tello_msgs/include/tello_msgs/msg/detail/tello_response__struct.h
[3.044s] -- Installing: /home/oem/tello_ros_ws/src/tello_ros/install/tello_msgs/include/tello_msgs/msg/detail/flight_data__struct.h
[3.044s] -- Installing: /home/oem/tello_ros_ws/src/tello_ros/install/tello_msgs/include/tello_msgs/msg/detail/tello_response__type_support.h
[3.044s] -- Installing: /home/oem/tello_ros_ws/src/tello_ros/install/tello_msgs/include/tello_msgs/msg/detail/flight_data__type_support.h
[3.044s] -- Installing: /home/oem/tello_ros_ws/src/tello_ros/install/tello_msgs/include/tello_msgs/msg/detail/flight_data__functions.h
[3.044s] -- Installing: /home/oem/tello_ros_ws/src/tello_ros/install/tello_msgs/include/tello_msgs/msg/detail/tello_response__functions.c
[3.044s] -- Installing: /home/oem/tello_ros_ws/src/tello_ros/install/tello_msgs/include/tello_msgs/msg/detail/tello_response__functions.h
[3.044s] -- Installing: /home/oem/tello_ros_ws/src/tello_ros/install/tello_msgs/include/tello_msgs/msg/detail/flight_data__functions.c
[3.044s] -- Installing: /home/oem/tello_ros_ws/src/tello_ros/install/tello_msgs/include/tello_msgs/msg/tello_response.h
[3.044s] -- Installing: /home/oem/tello_ros_ws/src/tello_ros/install/tello_msgs/include/tello_msgs/srv
[3.044s] -- Installing: /home/oem/tello_ros_ws/src/tello_ros/install/tello_msgs/include/tello_msgs/srv/detail
[3.044s] -- Installing: /home/oem/tello_ros_ws/src/tello_ros/install/tello_msgs/include/tello_msgs/srv/detail/tello_action__struct.h
[3.044s] -- Installing: /home/oem/tello_ros_ws/src/tello_ros/install/tello_msgs/include/tello_msgs/srv/detail/tello_action__functions.h
[3.044s] -- Installing: /home/oem/tello_ros_ws/src/tello_ros/install/tello_msgs/include/tello_msgs/srv/detail/tello_action__functions.c
[3.044s] -- Installing: /home/oem/tello_ros_ws/src/tello_ros/install/tello_msgs/include/tello_msgs/srv/detail/tello_action__type_support.h
[3.044s] -- Installing: /home/oem/tello_ros_ws/src/tello_ros/install/tello_msgs/include/tello_msgs/srv/tello_action.h
[3.044s] -- Installing: /home/oem/tello_ros_ws/src/tello_ros/install/tello_msgs/share/tello_msgs/environment/library_path.sh
[3.044s] -- Installing: /home/oem/tello_ros_ws/src/tello_ros/install/tello_msgs/share/tello_msgs/environment/library_path.dsv
[3.044s] -- Installing: /home/oem/tello_ros_ws/src/tello_ros/install/tello_msgs/lib/libtello_msgs__rosidl_generator_c.so
[3.044s] -- Set non-toolchain portion of runtime path of "/home/oem/tello_ros_ws/src/tello_ros/install/tello_msgs/lib/libtello_msgs__rosidl_generator_c.so" to ""
[3.044s] -- Up-to-date: /home/oem/tello_ros_ws/src/tello_ros/install/tello_msgs/include/tello_msgs
[3.044s] -- Up-to-date: /home/oem/tello_ros_ws/src/tello_ros/install/tello_msgs/include/tello_msgs/msg
[3.044s] -- Installing: /home/oem/tello_ros_ws/src/tello_ros/install/tello_msgs/include/tello_msgs/msg/rosidl_typesupport_fastrtps_c__visibility_control.h
[3.044s] -- Up-to-date: /home/oem/tello_ros_ws/src/tello_ros/install/tello_msgs/include/tello_msgs/msg/detail
[3.044s] -- Installing: /home/oem/tello_ros_ws/src/tello_ros/install/tello_msgs/include/tello_msgs/msg/detail/tello_response__rosidl_typesupport_fastrtps_c.h
[3.044s] -- Installing: /home/oem/tello_ros_ws/src/tello_ros/install/tello_msgs/include/tello_msgs/msg/detail/flight_data__rosidl_typesupport_fastrtps_c.h
[3.045s] -- Up-to-date: /home/oem/tello_ros_ws/src/tello_ros/install/tello_msgs/include/tello_msgs/srv
[3.045s] -- Up-to-date: /home/oem/tello_ros_ws/src/tello_ros/install/tello_msgs/include/tello_msgs/srv/detail
[3.045s] -- Installing: /home/oem/tello_ros_ws/src/tello_ros/install/tello_msgs/include/tello_msgs/srv/detail/tello_action__rosidl_typesupport_fastrtps_c.h
[3.045s] -- Installing: /home/oem/tello_ros_ws/src/tello_ros/install/tello_msgs/lib/libtello_msgs__rosidl_typesupport_fastrtps_c.so
[3.045s] -- Set non-toolchain portion of runtime path of "/home/oem/tello_ros_ws/src/tello_ros/install/tello_msgs/lib/libtello_msgs__rosidl_typesupport_fastrtps_c.so" to ""
[3.045s] -- Up-to-date: /home/oem/tello_ros_ws/src/tello_ros/install/tello_msgs/include/tello_msgs
[3.045s] -- Up-to-date: /home/oem/tello_ros_ws/src/tello_ros/install/tello_msgs/include/tello_msgs/msg
[3.045s] -- Installing: /home/oem/tello_ros_ws/src/tello_ros/install/tello_msgs/include/tello_msgs/msg/rosidl_typesupport_fastrtps_cpp__visibility_control.h
[3.045s] -- Up-to-date: /home/oem/tello_ros_ws/src/tello_ros/install/tello_msgs/include/tello_msgs/msg/detail
[3.045s] -- Installing: /home/oem/tello_ros_ws/src/tello_ros/install/tello_msgs/include/tello_msgs/msg/detail/dds_fastrtps
[3.045s] -- Installing: /home/oem/tello_ros_ws/src/tello_ros/install/tello_msgs/include/tello_msgs/msg/detail/flight_data__rosidl_typesupport_fastrtps_cpp.hpp
[3.045s] -- Installing: /home/oem/tello_ros_ws/src/tello_ros/install/tello_msgs/include/tello_msgs/msg/detail/tello_response__rosidl_typesupport_fastrtps_cpp.hpp
[3.045s] -- Up-to-date: /home/oem/tello_ros_ws/src/tello_ros/install/tello_msgs/include/tello_msgs/srv
[3.045s] -- Up-to-date: /home/oem/tello_ros_ws/src/tello_ros/install/tello_msgs/include/tello_msgs/srv/detail
[3.045s] -- Installing: /home/oem/tello_ros_ws/src/tello_ros/install/tello_msgs/include/tello_msgs/srv/detail/dds_fastrtps
[3.045s] -- Installing: /home/oem/tello_ros_ws/src/tello_ros/install/tello_msgs/include/tello_msgs/srv/detail/tello_action__rosidl_typesupport_fastrtps_cpp.hpp
[3.045s] -- Installing: /home/oem/tello_ros_ws/src/tello_ros/install/tello_msgs/lib/libtello_msgs__rosidl_typesupport_fastrtps_cpp.so
[3.045s] -- Set non-toolchain portion of runtime path of "/home/oem/tello_ros_ws/src/tello_ros/install/tello_msgs/lib/libtello_msgs__rosidl_typesupport_fastrtps_cpp.so" to ""
[3.045s] -- Up-to-date: /home/oem/tello_ros_ws/src/tello_ros/install/tello_msgs/include/tello_msgs
[3.045s] -- Up-to-date: /home/oem/tello_ros_ws/src/tello_ros/install/tello_msgs/include/tello_msgs/msg
[3.045s] -- Up-to-date: /home/oem/tello_ros_ws/src/tello_ros/install/tello_msgs/include/tello_msgs/msg/detail
[3.045s] -- Installing: /home/oem/tello_ros_ws/src/tello_ros/install/tello_msgs/include/tello_msgs/msg/detail/tello_response__rosidl_typesupport_introspection_c.h
[3.045s] -- Installing: /home/oem/tello_ros_ws/src/tello_ros/install/tello_msgs/include/tello_msgs/msg/detail/flight_data__type_support.c
[3.045s] -- Installing: /home/oem/tello_ros_ws/src/tello_ros/install/tello_msgs/include/tello_msgs/msg/detail/flight_data__rosidl_typesupport_introspection_c.h
[3.045s] -- Installing: /home/oem/tello_ros_ws/src/tello_ros/install/tello_msgs/include/tello_msgs/msg/detail/tello_response__type_support.c
[3.045s] -- Installing: /home/oem/tello_ros_ws/src/tello_ros/install/tello_msgs/include/tello_msgs/msg/rosidl_typesupport_introspection_c__visibility_control.h
[3.045s] -- Up-to-date: /home/oem/tello_ros_ws/src/tello_ros/install/tello_msgs/include/tello_msgs/srv
[3.045s] -- Up-to-date: /home/oem/tello_ros_ws/src/tello_ros/install/tello_msgs/include/tello_msgs/srv/detail
[3.045s] -- Installing: /home/oem/tello_ros_ws/src/tello_ros/install/tello_msgs/include/tello_msgs/srv/detail/tello_action__rosidl_typesupport_introspection_c.h
[3.045s] -- Installing: /home/oem/tello_ros_ws/src/tello_ros/install/tello_msgs/include/tello_msgs/srv/detail/tello_action__type_support.c
[3.045s] -- Installing: /home/oem/tello_ros_ws/src/tello_ros/install/tello_msgs/lib/libtello_msgs__rosidl_typesupport_introspection_c.so
[3.045s] -- Set non-toolchain portion of runtime path of "/home/oem/tello_ros_ws/src/tello_ros/install/tello_msgs/lib/libtello_msgs__rosidl_typesupport_introspection_c.so" to ""
[3.045s] -- Installing: /home/oem/tello_ros_ws/src/tello_ros/install/tello_msgs/lib/libtello_msgs__rosidl_typesupport_c.so
[3.045s] -- Set non-toolchain portion of runtime path of "/home/oem/tello_ros_ws/src/tello_ros/install/tello_msgs/lib/libtello_msgs__rosidl_typesupport_c.so" to ""
[3.045s] -- Up-to-date: /home/oem/tello_ros_ws/src/tello_ros/install/tello_msgs/include/tello_msgs
[3.045s] -- Up-to-date: /home/oem/tello_ros_ws/src/tello_ros/install/tello_msgs/include/tello_msgs/msg
[3.045s] -- Up-to-date: /home/oem/tello_ros_ws/src/tello_ros/install/tello_msgs/include/tello_msgs/msg/detail
[3.046s] -- Installing: /home/oem/tello_ros_ws/src/tello_ros/install/tello_msgs/include/tello_msgs/msg/detail/flight_data__builder.hpp
[3.046s] -- Installing: /home/oem/tello_ros_ws/src/tello_ros/install/tello_msgs/include/tello_msgs/msg/detail/tello_response__type_support.hpp
[3.046s] -- Installing: /home/oem/tello_ros_ws/src/tello_ros/install/tello_msgs/include/tello_msgs/msg/detail/tello_response__traits.hpp
[3.046s] -- Installing: /home/oem/tello_ros_ws/src/tello_ros/install/tello_msgs/include/tello_msgs/msg/detail/flight_data__type_support.hpp
[3.046s] -- Installing: /home/oem/tello_ros_ws/src/tello_ros/install/tello_msgs/include/tello_msgs/msg/detail/flight_data__struct.hpp
[3.046s] -- Installing: /home/oem/tello_ros_ws/src/tello_ros/install/tello_msgs/include/tello_msgs/msg/detail/tello_response__struct.hpp
[3.046s] -- Installing: /home/oem/tello_ros_ws/src/tello_ros/install/tello_msgs/include/tello_msgs/msg/detail/tello_response__builder.hpp
[3.046s] -- Installing: /home/oem/tello_ros_ws/src/tello_ros/install/tello_msgs/include/tello_msgs/msg/detail/flight_data__traits.hpp
[3.046s] -- Installing: /home/oem/tello_ros_ws/src/tello_ros/install/tello_msgs/include/tello_msgs/msg/rosidl_generator_cpp__visibility_control.hpp
[3.046s] -- Installing: /home/oem/tello_ros_ws/src/tello_ros/install/tello_msgs/include/tello_msgs/msg/flight_data.hpp
[3.046s] -- Installing: /home/oem/tello_ros_ws/src/tello_ros/install/tello_msgs/include/tello_msgs/msg/tello_response.hpp
[3.046s] -- Up-to-date: /home/oem/tello_ros_ws/src/tello_ros/install/tello_msgs/include/tello_msgs/srv
[3.046s] -- Up-to-date: /home/oem/tello_ros_ws/src/tello_ros/install/tello_msgs/include/tello_msgs/srv/detail
[3.046s] -- Installing: /home/oem/tello_ros_ws/src/tello_ros/install/tello_msgs/include/tello_msgs/srv/detail/tello_action__type_support.hpp
[3.046s] -- Installing: /home/oem/tello_ros_ws/src/tello_ros/install/tello_msgs/include/tello_msgs/srv/detail/tello_action__builder.hpp
[3.046s] -- Installing: /home/oem/tello_ros_ws/src/tello_ros/install/tello_msgs/include/tello_msgs/srv/detail/tello_action__struct.hpp
[3.046s] -- Installing: /home/oem/tello_ros_ws/src/tello_ros/install/tello_msgs/include/tello_msgs/srv/detail/tello_action__traits.hpp
[3.046s] -- Installing: /home/oem/tello_ros_ws/src/tello_ros/install/tello_msgs/include/tello_msgs/srv/tello_action.hpp
[3.046s] -- Up-to-date: /home/oem/tello_ros_ws/src/tello_ros/install/tello_msgs/include/tello_msgs
[3.046s] -- Up-to-date: /home/oem/tello_ros_ws/src/tello_ros/install/tello_msgs/include/tello_msgs/msg
[3.046s] -- Up-to-date: /home/oem/tello_ros_ws/src/tello_ros/install/tello_msgs/include/tello_msgs/msg/detail
[3.046s] -- Installing: /home/oem/tello_ros_ws/src/tello_ros/install/tello_msgs/include/tello_msgs/msg/detail/tello_response__rosidl_typesupport_introspection_cpp.hpp
[3.046s] -- Installing: /home/oem/tello_ros_ws/src/tello_ros/install/tello_msgs/include/tello_msgs/msg/detail/flight_data__rosidl_typesupport_introspection_cpp.hpp
[3.046s] -- Installing: /home/oem/tello_ros_ws/src/tello_ros/install/tello_msgs/include/tello_msgs/msg/detail/flight_data__type_support.cpp
[3.046s] -- Installing: /home/oem/tello_ros_ws/src/tello_ros/install/tello_msgs/include/tello_msgs/msg/detail/tello_response__type_support.cpp
[3.046s] -- Up-to-date: /home/oem/tello_ros_ws/src/tello_ros/install/tello_msgs/include/tello_msgs/srv
[3.046s] -- Up-to-date: /home/oem/tello_ros_ws/src/tello_ros/install/tello_msgs/include/tello_msgs/srv/detail
[3.046s] -- Installing: /home/oem/tello_ros_ws/src/tello_ros/install/tello_msgs/include/tello_msgs/srv/detail/tello_action__type_support.cpp
[3.046s] -- Installing: /home/oem/tello_ros_ws/src/tello_ros/install/tello_msgs/include/tello_msgs/srv/detail/tello_action__rosidl_typesupport_introspection_cpp.hpp
[3.046s] -- Installing: /home/oem/tello_ros_ws/src/tello_ros/install/tello_msgs/lib/libtello_msgs__rosidl_typesupport_introspection_cpp.so
[3.046s] -- Set non-toolchain portion of runtime path of "/home/oem/tello_ros_ws/src/tello_ros/install/tello_msgs/lib/libtello_msgs__rosidl_typesupport_introspection_cpp.so" to ""
[3.046s] -- Installing: /home/oem/tello_ros_ws/src/tello_ros/install/tello_msgs/lib/libtello_msgs__rosidl_typesupport_cpp.so
[3.046s] -- Set non-toolchain portion of runtime path of "/home/oem/tello_ros_ws/src/tello_ros/install/tello_msgs/lib/libtello_msgs__rosidl_typesupport_cpp.so" to ""
[3.046s] -- Installing: /home/oem/tello_ros_ws/src/tello_ros/install/tello_msgs/share/tello_msgs/environment/pythonpath.sh
[3.046s] -- Installing: /home/oem/tello_ros_ws/src/tello_ros/install/tello_msgs/share/tello_msgs/environment/pythonpath.dsv
[3.046s] -- Installing: /home/oem/tello_ros_ws/src/tello_ros/install/tello_msgs/lib/python3.8/site-packages/tello_msgs/__init__.py
[3.079s] Compiling '/home/oem/tello_ros_ws/src/tello_ros/install/tello_msgs/lib/python3.8/site-packages/tello_msgs/__init__.py'...
[3.080s] -- Installing: /home/oem/tello_ros_ws/src/tello_ros/install/tello_msgs/lib/python3.8/site-packages/tello_msgs/msg
[3.081s] -- Installing: /home/oem/tello_ros_ws/src/tello_ros/install/tello_msgs/lib/python3.8/site-packages/tello_msgs/msg/_flight_data.py
[3.081s] -- Installing: /home/oem/tello_ros_ws/src/tello_ros/install/tello_msgs/lib/python3.8/site-packages/tello_msgs/msg/__init__.py
[3.081s] -- Installing: /home/oem/tello_ros_ws/src/tello_ros/install/tello_msgs/lib/python3.8/site-packages/tello_msgs/msg/_tello_response_s.c
[3.081s] -- Installing: /home/oem/tello_ros_ws/src/tello_ros/install/tello_msgs/lib/python3.8/site-packages/tello_msgs/msg/_flight_data_s.c
[3.081s] -- Installing: /home/oem/tello_ros_ws/src/tello_ros/install/tello_msgs/lib/python3.8/site-packages/tello_msgs/msg/_tello_response.py
[3.081s] -- Installing: /home/oem/tello_ros_ws/src/tello_ros/install/tello_msgs/lib/python3.8/site-packages/tello_msgs/srv
[3.081s] -- Installing: /home/oem/tello_ros_ws/src/tello_ros/install/tello_msgs/lib/python3.8/site-packages/tello_msgs/srv/_tello_action_s.c
[3.081s] -- Installing: /home/oem/tello_ros_ws/src/tello_ros/install/tello_msgs/lib/python3.8/site-packages/tello_msgs/srv/__init__.py
[3.081s] -- Installing: /home/oem/tello_ros_ws/src/tello_ros/install/tello_msgs/lib/python3.8/site-packages/tello_msgs/srv/_tello_action.py
[3.081s] -- Installing: /home/oem/tello_ros_ws/src/tello_ros/install/tello_msgs/lib/python3.8/site-packages/tello_msgs/tello_msgs_s__rosidl_typesupport_fastrtps_c.cpython-38-x86_64-linux-gnu.so
[3.081s] -- Set non-toolchain portion of runtime path of "/home/oem/tello_ros_ws/src/tello_ros/install/tello_msgs/lib/python3.8/site-packages/tello_msgs/tello_msgs_s__rosidl_typesupport_fastrtps_c.cpython-38-x86_64-linux-gnu.so" to ""
[3.081s] -- Installing: /home/oem/tello_ros_ws/src/tello_ros/install/tello_msgs/lib/python3.8/site-packages/tello_msgs/tello_msgs_s__rosidl_typesupport_introspection_c.cpython-38-x86_64-linux-gnu.so
[3.081s] -- Set non-toolchain portion of runtime path of "/home/oem/tello_ros_ws/src/tello_ros/install/tello_msgs/lib/python3.8/site-packages/tello_msgs/tello_msgs_s__rosidl_typesupport_introspection_c.cpython-38-x86_64-linux-gnu.so" to ""
[3.081s] -- Installing: /home/oem/tello_ros_ws/src/tello_ros/install/tello_msgs/lib/python3.8/site-packages/tello_msgs/tello_msgs_s__rosidl_typesupport_c.cpython-38-x86_64-linux-gnu.so
[3.081s] -- Set non-toolchain portion of runtime path of "/home/oem/tello_ros_ws/src/tello_ros/install/tello_msgs/lib/python3.8/site-packages/tello_msgs/tello_msgs_s__rosidl_typesupport_c.cpython-38-x86_64-linux-gnu.so" to ""
[3.081s] -- Installing: /home/oem/tello_ros_ws/src/tello_ros/install/tello_msgs/lib/libtello_msgs__python.so
[3.081s] -- Set non-toolchain portion of runtime path of "/home/oem/tello_ros_ws/src/tello_ros/install/tello_msgs/lib/libtello_msgs__python.so" to ""
[3.081s] -- Installing: /home/oem/tello_ros_ws/src/tello_ros/install/tello_msgs/share/tello_msgs/msg/FlightData.idl
[3.081s] -- Installing: /home/oem/tello_ros_ws/src/tello_ros/install/tello_msgs/share/tello_msgs/msg/TelloResponse.idl
[3.081s] -- Installing: /home/oem/tello_ros_ws/src/tello_ros/install/tello_msgs/share/tello_msgs/srv/TelloAction.idl
[3.081s] -- Installing: /home/oem/tello_ros_ws/src/tello_ros/install/tello_msgs/share/tello_msgs/msg/FlightData.msg
[3.081s] -- Installing: /home/oem/tello_ros_ws/src/tello_ros/install/tello_msgs/share/tello_msgs/msg/TelloResponse.msg
[3.081s] -- Installing: /home/oem/tello_ros_ws/src/tello_ros/install/tello_msgs/share/tello_msgs/srv/TelloAction.srv
[3.082s] -- Installing: /home/oem/tello_ros_ws/src/tello_ros/install/tello_msgs/share/tello_msgs/srv/TelloAction_Request.msg
[3.082s] -- Installing: /home/oem/tello_ros_ws/src/tello_ros/install/tello_msgs/share/tello_msgs/srv/TelloAction_Response.msg
[3.082s] -- Installing: /home/oem/tello_ros_ws/src/tello_ros/install/tello_msgs/share/ament_index/resource_index/package_run_dependencies/tello_msgs
[3.082s] -- Installing: /home/oem/tello_ros_ws/src/tello_ros/install/tello_msgs/share/ament_index/resource_index/parent_prefix_path/tello_msgs
[3.082s] -- Installing: /home/oem/tello_ros_ws/src/tello_ros/install/tello_msgs/share/tello_msgs/environment/ament_prefix_path.sh
[3.082s] -- Installing: /home/oem/tello_ros_ws/src/tello_ros/install/tello_msgs/share/tello_msgs/environment/ament_prefix_path.dsv
[3.082s] -- Installing: /home/oem/tello_ros_ws/src/tello_ros/install/tello_msgs/share/tello_msgs/environment/path.sh
[3.082s] -- Installing: /home/oem/tello_ros_ws/src/tello_ros/install/tello_msgs/share/tello_msgs/environment/path.dsv
[3.082s] -- Installing: /home/oem/tello_ros_ws/src/tello_ros/install/tello_msgs/share/tello_msgs/local_setup.bash
[3.082s] -- Installing: /home/oem/tello_ros_ws/src/tello_ros/install/tello_msgs/share/tello_msgs/local_setup.sh
[3.082s] -- Installing: /home/oem/tello_ros_ws/src/tello_ros/install/tello_msgs/share/tello_msgs/local_setup.zsh
[3.082s] -- Installing: /home/oem/tello_ros_ws/src/tello_ros/install/tello_msgs/share/tello_msgs/local_setup.dsv
[3.082s] -- Installing: /home/oem/tello_ros_ws/src/tello_ros/install/tello_msgs/share/tello_msgs/package.dsv
[3.082s] -- Installing: /home/oem/tello_ros_ws/src/tello_ros/install/tello_msgs/share/ament_index/resource_index/packages/tello_msgs
[3.082s] -- Installing: /home/oem/tello_ros_ws/src/tello_ros/install/tello_msgs/share/tello_msgs/cmake/tello_msgs__rosidl_generator_cExport.cmake
[3.082s] -- Installing: /home/oem/tello_ros_ws/src/tello_ros/install/tello_msgs/share/tello_msgs/cmake/tello_msgs__rosidl_generator_cExport-noconfig.cmake
[3.082s] -- Installing: /home/oem/tello_ros_ws/src/tello_ros/install/tello_msgs/share/tello_msgs/cmake/tello_msgs__rosidl_typesupport_introspection_cExport.cmake
[3.082s] -- Installing: /home/oem/tello_ros_ws/src/tello_ros/install/tello_msgs/share/tello_msgs/cmake/tello_msgs__rosidl_typesupport_introspection_cExport-noconfig.cmake
[3.082s] -- Installing: /home/oem/tello_ros_ws/src/tello_ros/install/tello_msgs/share/tello_msgs/cmake/tello_msgs__rosidl_typesupport_cExport.cmake
[3.082s] -- Installing: /home/oem/tello_ros_ws/src/tello_ros/install/tello_msgs/share/tello_msgs/cmake/tello_msgs__rosidl_typesupport_cExport-noconfig.cmake
[3.082s] -- Installing: /home/oem/tello_ros_ws/src/tello_ros/install/tello_msgs/share/tello_msgs/cmake/tello_msgs__rosidl_generator_cppExport.cmake
[3.082s] -- Installing: /home/oem/tello_ros_ws/src/tello_ros/install/tello_msgs/share/tello_msgs/cmake/tello_msgs__rosidl_typesupport_introspection_cppExport.cmake
[3.082s] -- Installing: /home/oem/tello_ros_ws/src/tello_ros/install/tello_msgs/share/tello_msgs/cmake/tello_msgs__rosidl_typesupport_introspection_cppExport-noconfig.cmake
[3.082s] -- Installing: /home/oem/tello_ros_ws/src/tello_ros/install/tello_msgs/share/tello_msgs/cmake/tello_msgs__rosidl_typesupport_cppExport.cmake
[3.082s] -- Installing: /home/oem/tello_ros_ws/src/tello_ros/install/tello_msgs/share/tello_msgs/cmake/tello_msgs__rosidl_typesupport_cppExport-noconfig.cmake
[3.082s] -- Installing: /home/oem/tello_ros_ws/src/tello_ros/install/tello_msgs/share/tello_msgs/cmake/rosidl_cmake-extras.cmake
[3.082s] -- Installing: /home/oem/tello_ros_ws/src/tello_ros/install/tello_msgs/share/tello_msgs/cmake/ament_cmake_export_dependencies-extras.cmake
[3.082s] -- Installing: /home/oem/tello_ros_ws/src/tello_ros/install/tello_msgs/share/tello_msgs/cmake/ament_cmake_export_libraries-extras.cmake
[3.083s] -- Installing: /home/oem/tello_ros_ws/src/tello_ros/install/tello_msgs/share/tello_msgs/cmake/ament_cmake_export_targets-extras.cmake
[3.083s] -- Installing: /home/oem/tello_ros_ws/src/tello_ros/install/tello_msgs/share/tello_msgs/cmake/ament_cmake_export_include_directories-extras.cmake
[3.083s] -- Installing: /home/oem/tello_ros_ws/src/tello_ros/install/tello_msgs/share/tello_msgs/cmake/rosidl_cmake_export_typesupport_libraries-extras.cmake
[3.083s] -- Installing: /home/oem/tello_ros_ws/src/tello_ros/install/tello_msgs/share/tello_msgs/cmake/rosidl_cmake_export_typesupport_targets-extras.cmake
[3.083s] -- Installing: /home/oem/tello_ros_ws/src/tello_ros/install/tello_msgs/share/tello_msgs/cmake/tello_msgsConfig.cmake
[3.083s] -- Installing: /home/oem/tello_ros_ws/src/tello_ros/install/tello_msgs/share/tello_msgs/cmake/tello_msgsConfig-version.cmake
[3.083s] -- Installing: /home/oem/tello_ros_ws/src/tello_ros/install/tello_msgs/share/tello_msgs/package.xml
[3.084s] Invoked command in '/home/oem/tello_ros_ws/src/tello_ros/build/tello_msgs' returned '0': CMAKE_PREFIX_PATH=/home/oem/tello_ros_ws/install/monitor:/home/oem/tello_ros_ws/install/py_pubsub:/opt/ros/foxy:${CMAKE_PREFIX_PATH} /usr/local/bin/cmake --install /home/oem/tello_ros_ws/src/tello_ros/build/tello_msgs
