[1.156s] DEBUG:colcon:Command line arguments: ['/usr/bin/colcon', 'build']
[1.156s] DEBUG:colcon:Parsed command line arguments: Namespace(allow_overriding=[], ament_cmake_args=None, base_paths=['.'], build_base='build', catkin_cmake_args=None, catkin_skip_building_tests=False, cmake_args=None, cmake_clean_cache=False, cmake_clean_first=False, cmake_force_configure=False, cmake_target=None, cmake_target_skip_unavailable=False, continue_on_error=False, event_handlers=None, executor='parallel', ignore_user_meta=False, install_base='install', log_base=None, log_level=None, main=<bound method BuildVerb.main of <colcon_core.verb.build.BuildVerb object at 0x7f865d939490>>, merge_install=False, metas=['./colcon.meta'], packages_above=None, packages_above_and_dependencies=None, packages_above_depth=None, packages_end=None, packages_ignore=None, packages_ignore_regex=None, packages_select=None, packages_select_build_failed=False, packages_select_by_dep=None, packages_select_regex=None, packages_select_test_failures=False, packages_skip=None, packages_skip_build_finished=False, packages_skip_by_dep=None, packages_skip_regex=None, packages_skip_test_passed=False, packages_skip_up_to=None, packages_start=None, packages_up_to=None, packages_up_to_regex=None, parallel_workers=32, paths=None, symlink_install=False, test_result_base=None, verb_extension=<colcon_core.verb.build.BuildVerb object at 0x7f865d939490>, verb_name='build', verb_parser=<colcon_defaults.argument_parser.defaults.DefaultArgumentsDecorator object at 0x7f865d8baf40>)
[1.205s] Level 1:colcon.colcon_core.package_discovery:discover_packages(colcon_meta) check parameters
[1.205s] Level 1:colcon.colcon_core.package_discovery:discover_packages(recursive) check parameters
[1.205s] Level 1:colcon.colcon_core.package_discovery:discover_packages(ignore) check parameters
[1.205s] Level 1:colcon.colcon_core.package_discovery:discover_packages(path) check parameters
[1.205s] Level 1:colcon.colcon_core.package_discovery:discover_packages(colcon_meta) discover
[1.205s] Level 1:colcon.colcon_core.package_discovery:discover_packages(recursive) discover
[1.205s] INFO:colcon.colcon_core.package_discovery:Crawling recursively for packages in '/home/oem/tello_ros_ws/src/tello_ros'
[1.205s] Level 1:colcon.colcon_core.package_identification:_identify(.) by extensions ['ignore', 'ignore_ament_install']
[1.205s] Level 1:colcon.colcon_core.package_identification:_identify(.) by extension 'ignore'
[1.205s] Level 1:colcon.colcon_core.package_identification:_identify(.) by extension 'ignore_ament_install'
[1.205s] Level 1:colcon.colcon_core.package_identification:_identify(.) by extensions ['colcon_pkg']
[1.205s] Level 1:colcon.colcon_core.package_identification:_identify(.) by extension 'colcon_pkg'
[1.205s] Level 1:colcon.colcon_core.package_identification:_identify(.) by extensions ['colcon_meta']
[1.205s] Level 1:colcon.colcon_core.package_identification:_identify(.) by extension 'colcon_meta'
[1.205s] Level 1:colcon.colcon_core.package_identification:_identify(.) by extensions ['ros']
[1.205s] Level 1:colcon.colcon_core.package_identification:_identify(.) by extension 'ros'
[1.210s] Level 1:colcon.colcon_core.package_identification:_identify(.) by extensions ['cmake', 'python']
[1.210s] Level 1:colcon.colcon_core.package_identification:_identify(.) by extension 'cmake'
[1.210s] Level 1:colcon.colcon_core.package_identification:_identify(.) by extension 'python'
[1.210s] Level 1:colcon.colcon_core.package_identification:_identify(.) by extensions ['python_setup_py']
[1.210s] Level 1:colcon.colcon_core.package_identification:_identify(.) by extension 'python_setup_py'
[1.210s] Level 1:colcon.colcon_core.package_identification:_identify(EB2A-Tello) by extensions ['ignore', 'ignore_ament_install']
[1.210s] Level 1:colcon.colcon_core.package_identification:_identify(EB2A-Tello) by extension 'ignore'
[1.210s] Level 1:colcon.colcon_core.package_identification:_identify(EB2A-Tello) by extension 'ignore_ament_install'
[1.210s] Level 1:colcon.colcon_core.package_identification:_identify(EB2A-Tello) by extensions ['colcon_pkg']
[1.210s] Level 1:colcon.colcon_core.package_identification:_identify(EB2A-Tello) by extension 'colcon_pkg'
[1.210s] Level 1:colcon.colcon_core.package_identification:_identify(EB2A-Tello) by extensions ['colcon_meta']
[1.210s] Level 1:colcon.colcon_core.package_identification:_identify(EB2A-Tello) by extension 'colcon_meta'
[1.210s] Level 1:colcon.colcon_core.package_identification:_identify(EB2A-Tello) by extensions ['ros']
[1.210s] Level 1:colcon.colcon_core.package_identification:_identify(EB2A-Tello) by extension 'ros'
[1.211s] DEBUG:colcon.colcon_core.package_identification:Package 'EB2A-Tello' with type 'ros.ament_python' and name 'py_pubsub'
[1.211s] Level 1:colcon.colcon_core.package_identification:_identify(build) by extensions ['ignore', 'ignore_ament_install']
[1.211s] Level 1:colcon.colcon_core.package_identification:_identify(build) by extension 'ignore'
[1.211s] Level 1:colcon.colcon_core.package_identification:_identify(build) ignored
[1.211s] Level 1:colcon.colcon_core.package_identification:_identify(install) by extensions ['ignore', 'ignore_ament_install']
[1.211s] Level 1:colcon.colcon_core.package_identification:_identify(install) by extension 'ignore'
[1.211s] Level 1:colcon.colcon_core.package_identification:_identify(install) ignored
[1.211s] Level 1:colcon.colcon_core.package_identification:_identify(log) by extensions ['ignore', 'ignore_ament_install']
[1.211s] Level 1:colcon.colcon_core.package_identification:_identify(log) by extension 'ignore'
[1.211s] Level 1:colcon.colcon_core.package_identification:_identify(log) ignored
[1.211s] Level 1:colcon.colcon_core.package_identification:_identify(tello_description) by extensions ['ignore', 'ignore_ament_install']
[1.211s] Level 1:colcon.colcon_core.package_identification:_identify(tello_description) by extension 'ignore'
[1.212s] Level 1:colcon.colcon_core.package_identification:_identify(tello_description) by extension 'ignore_ament_install'
[1.212s] Level 1:colcon.colcon_core.package_identification:_identify(tello_description) by extensions ['colcon_pkg']
[1.212s] Level 1:colcon.colcon_core.package_identification:_identify(tello_description) by extension 'colcon_pkg'
[1.212s] Level 1:colcon.colcon_core.package_identification:_identify(tello_description) by extensions ['colcon_meta']
[1.212s] Level 1:colcon.colcon_core.package_identification:_identify(tello_description) by extension 'colcon_meta'
[1.212s] Level 1:colcon.colcon_core.package_identification:_identify(tello_description) by extensions ['ros']
[1.212s] Level 1:colcon.colcon_core.package_identification:_identify(tello_description) by extension 'ros'
[1.212s] DEBUG:colcon.colcon_core.package_identification:Package 'tello_description' with type 'ros.ament_cmake' and name 'tello_description'
[1.212s] Level 1:colcon.colcon_core.package_identification:_identify(tello_driver) by extensions ['ignore', 'ignore_ament_install']
[1.212s] Level 1:colcon.colcon_core.package_identification:_identify(tello_driver) by extension 'ignore'
[1.212s] Level 1:colcon.colcon_core.package_identification:_identify(tello_driver) by extension 'ignore_ament_install'
[1.212s] Level 1:colcon.colcon_core.package_identification:_identify(tello_driver) by extensions ['colcon_pkg']
[1.212s] Level 1:colcon.colcon_core.package_identification:_identify(tello_driver) by extension 'colcon_pkg'
[1.212s] Level 1:colcon.colcon_core.package_identification:_identify(tello_driver) by extensions ['colcon_meta']
[1.212s] Level 1:colcon.colcon_core.package_identification:_identify(tello_driver) by extension 'colcon_meta'
[1.212s] Level 1:colcon.colcon_core.package_identification:_identify(tello_driver) by extensions ['ros']
[1.212s] Level 1:colcon.colcon_core.package_identification:_identify(tello_driver) by extension 'ros'
[1.212s] DEBUG:colcon.colcon_core.package_identification:Package 'tello_driver' with type 'ros.ament_cmake' and name 'tello_driver'
[1.212s] Level 1:colcon.colcon_core.package_identification:_identify(tello_gazebo) by extensions ['ignore', 'ignore_ament_install']
[1.212s] Level 1:colcon.colcon_core.package_identification:_identify(tello_gazebo) by extension 'ignore'
[1.213s] Level 1:colcon.colcon_core.package_identification:_identify(tello_gazebo) by extension 'ignore_ament_install'
[1.213s] Level 1:colcon.colcon_core.package_identification:_identify(tello_gazebo) by extensions ['colcon_pkg']
[1.213s] Level 1:colcon.colcon_core.package_identification:_identify(tello_gazebo) by extension 'colcon_pkg'
[1.213s] Level 1:colcon.colcon_core.package_identification:_identify(tello_gazebo) by extensions ['colcon_meta']
[1.213s] Level 1:colcon.colcon_core.package_identification:_identify(tello_gazebo) by extension 'colcon_meta'
[1.213s] Level 1:colcon.colcon_core.package_identification:_identify(tello_gazebo) by extensions ['ros']
[1.213s] Level 1:colcon.colcon_core.package_identification:_identify(tello_gazebo) by extension 'ros'
[1.213s] DEBUG:colcon.colcon_core.package_identification:Package 'tello_gazebo' with type 'ros.ament_cmake' and name 'tello_gazebo'
[1.213s] Level 1:colcon.colcon_core.package_identification:_identify(tello_msgs) by extensions ['ignore', 'ignore_ament_install']
[1.213s] Level 1:colcon.colcon_core.package_identification:_identify(tello_msgs) by extension 'ignore'
[1.213s] Level 1:colcon.colcon_core.package_identification:_identify(tello_msgs) by extension 'ignore_ament_install'
[1.213s] Level 1:colcon.colcon_core.package_identification:_identify(tello_msgs) by extensions ['colcon_pkg']
[1.213s] Level 1:colcon.colcon_core.package_identification:_identify(tello_msgs) by extension 'colcon_pkg'
[1.213s] Level 1:colcon.colcon_core.package_identification:_identify(tello_msgs) by extensions ['colcon_meta']
[1.213s] Level 1:colcon.colcon_core.package_identification:_identify(tello_msgs) by extension 'colcon_meta'
[1.213s] Level 1:colcon.colcon_core.package_identification:_identify(tello_msgs) by extensions ['ros']
[1.213s] Level 1:colcon.colcon_core.package_identification:_identify(tello_msgs) by extension 'ros'
[1.213s] DEBUG:colcon.colcon_core.package_identification:Package 'tello_msgs' with type 'ros.ament_cmake' and name 'tello_msgs'
[1.213s] Level 1:colcon.colcon_core.package_discovery:discover_packages(recursive) using defaults
[1.213s] Level 1:colcon.colcon_core.package_discovery:discover_packages(ignore) discover
[1.213s] Level 1:colcon.colcon_core.package_discovery:discover_packages(ignore) using defaults
[1.213s] Level 1:colcon.colcon_core.package_discovery:discover_packages(path) discover
[1.213s] Level 1:colcon.colcon_core.package_discovery:discover_packages(path) using defaults
[1.320s] Level 1:colcon.colcon_core.package_discovery:discover_packages(prefix_path) check parameters
[1.321s] Level 1:colcon.colcon_core.package_discovery:discover_packages(prefix_path) discover
[1.360s] DEBUG:colcon.colcon_installed_package_information.package_discovery:Found 9 installed packages in /home/oem/tello_ros_ws/install
[1.384s] DEBUG:colcon.colcon_installed_package_information.package_discovery:Found 270 installed packages in /opt/ros/foxy
[1.424s] DEBUG:colcon.colcon_installed_package_information.package_discovery:Found 2 installed packages in /opt/ros/noetic
[1.424s] Level 1:colcon.colcon_core.package_discovery:discover_packages(prefix_path) using defaults
[1.490s] Level 5:colcon.colcon_core.verb:set package 'py_pubsub' build argument 'cmake_args' from command line to 'None'
[1.490s] Level 5:colcon.colcon_core.verb:set package 'py_pubsub' build argument 'cmake_target' from command line to 'None'
[1.490s] Level 5:colcon.colcon_core.verb:set package 'py_pubsub' build argument 'cmake_target_skip_unavailable' from command line to 'False'
[1.490s] Level 5:colcon.colcon_core.verb:set package 'py_pubsub' build argument 'cmake_clean_cache' from command line to 'False'
[1.490s] Level 5:colcon.colcon_core.verb:set package 'py_pubsub' build argument 'cmake_clean_first' from command line to 'False'
[1.490s] Level 5:colcon.colcon_core.verb:set package 'py_pubsub' build argument 'cmake_force_configure' from command line to 'False'
[1.490s] Level 5:colcon.colcon_core.verb:set package 'py_pubsub' build argument 'ament_cmake_args' from command line to 'None'
[1.490s] Level 5:colcon.colcon_core.verb:set package 'py_pubsub' build argument 'catkin_cmake_args' from command line to 'None'
[1.490s] Level 5:colcon.colcon_core.verb:set package 'py_pubsub' build argument 'catkin_skip_building_tests' from command line to 'False'
[1.490s] DEBUG:colcon.colcon_core.verb:Building package 'py_pubsub' with the following arguments: {'ament_cmake_args': None, 'build_base': '/home/oem/tello_ros_ws/src/tello_ros/build/py_pubsub', 'catkin_cmake_args': None, 'catkin_skip_building_tests': False, 'cmake_args': None, 'cmake_clean_cache': False, 'cmake_clean_first': False, 'cmake_force_configure': False, 'cmake_target': None, 'cmake_target_skip_unavailable': False, 'install_base': '/home/oem/tello_ros_ws/src/tello_ros/install/py_pubsub', 'merge_install': False, 'path': '/home/oem/tello_ros_ws/src/tello_ros/EB2A-Tello', 'symlink_install': False, 'test_result_base': None}
[1.509s] Level 5:colcon.colcon_core.verb:set package 'tello_description' build argument 'cmake_args' from command line to 'None'
[1.509s] Level 5:colcon.colcon_core.verb:set package 'tello_description' build argument 'cmake_target' from command line to 'None'
[1.510s] Level 5:colcon.colcon_core.verb:set package 'tello_description' build argument 'cmake_target_skip_unavailable' from command line to 'False'
[1.510s] Level 5:colcon.colcon_core.verb:set package 'tello_description' build argument 'cmake_clean_cache' from command line to 'False'
[1.510s] Level 5:colcon.colcon_core.verb:set package 'tello_description' build argument 'cmake_clean_first' from command line to 'False'
[1.510s] Level 5:colcon.colcon_core.verb:set package 'tello_description' build argument 'cmake_force_configure' from command line to 'False'
[1.510s] Level 5:colcon.colcon_core.verb:set package 'tello_description' build argument 'ament_cmake_args' from command line to 'None'
[1.510s] Level 5:colcon.colcon_core.verb:set package 'tello_description' build argument 'catkin_cmake_args' from command line to 'None'
[1.510s] Level 5:colcon.colcon_core.verb:set package 'tello_description' build argument 'catkin_skip_building_tests' from command line to 'False'
[1.510s] DEBUG:colcon.colcon_core.verb:Building package 'tello_description' with the following arguments: {'ament_cmake_args': None, 'build_base': '/home/oem/tello_ros_ws/src/tello_ros/build/tello_description', 'catkin_cmake_args': None, 'catkin_skip_building_tests': False, 'cmake_args': None, 'cmake_clean_cache': False, 'cmake_clean_first': False, 'cmake_force_configure': False, 'cmake_target': None, 'cmake_target_skip_unavailable': False, 'install_base': '/home/oem/tello_ros_ws/src/tello_ros/install/tello_description', 'merge_install': False, 'path': '/home/oem/tello_ros_ws/src/tello_ros/tello_description', 'symlink_install': False, 'test_result_base': None}
[1.529s] Level 5:colcon.colcon_core.verb:set package 'tello_msgs' build argument 'cmake_args' from command line to 'None'
[1.529s] Level 5:colcon.colcon_core.verb:set package 'tello_msgs' build argument 'cmake_target' from command line to 'None'
[1.529s] Level 5:colcon.colcon_core.verb:set package 'tello_msgs' build argument 'cmake_target_skip_unavailable' from command line to 'False'
[1.529s] Level 5:colcon.colcon_core.verb:set package 'tello_msgs' build argument 'cmake_clean_cache' from command line to 'False'
[1.529s] Level 5:colcon.colcon_core.verb:set package 'tello_msgs' build argument 'cmake_clean_first' from command line to 'False'
[1.529s] Level 5:colcon.colcon_core.verb:set package 'tello_msgs' build argument 'cmake_force_configure' from command line to 'False'
[1.529s] Level 5:colcon.colcon_core.verb:set package 'tello_msgs' build argument 'ament_cmake_args' from command line to 'None'
[1.529s] Level 5:colcon.colcon_core.verb:set package 'tello_msgs' build argument 'catkin_cmake_args' from command line to 'None'
[1.529s] Level 5:colcon.colcon_core.verb:set package 'tello_msgs' build argument 'catkin_skip_building_tests' from command line to 'False'
[1.529s] DEBUG:colcon.colcon_core.verb:Building package 'tello_msgs' with the following arguments: {'ament_cmake_args': None, 'build_base': '/home/oem/tello_ros_ws/src/tello_ros/build/tello_msgs', 'catkin_cmake_args': None, 'catkin_skip_building_tests': False, 'cmake_args': None, 'cmake_clean_cache': False, 'cmake_clean_first': False, 'cmake_force_configure': False, 'cmake_target': None, 'cmake_target_skip_unavailable': False, 'install_base': '/home/oem/tello_ros_ws/src/tello_ros/install/tello_msgs', 'merge_install': False, 'path': '/home/oem/tello_ros_ws/src/tello_ros/tello_msgs', 'symlink_install': False, 'test_result_base': None}
[1.549s] Level 5:colcon.colcon_core.verb:set package 'tello_driver' build argument 'cmake_args' from command line to 'None'
[1.549s] Level 5:colcon.colcon_core.verb:set package 'tello_driver' build argument 'cmake_target' from command line to 'None'
[1.549s] Level 5:colcon.colcon_core.verb:set package 'tello_driver' build argument 'cmake_target_skip_unavailable' from command line to 'False'
[1.549s] Level 5:colcon.colcon_core.verb:set package 'tello_driver' build argument 'cmake_clean_cache' from command line to 'False'
[1.549s] Level 5:colcon.colcon_core.verb:set package 'tello_driver' build argument 'cmake_clean_first' from command line to 'False'
[1.549s] Level 5:colcon.colcon_core.verb:set package 'tello_driver' build argument 'cmake_force_configure' from command line to 'False'
[1.549s] Level 5:colcon.colcon_core.verb:set package 'tello_driver' build argument 'ament_cmake_args' from command line to 'None'
[1.549s] Level 5:colcon.colcon_core.verb:set package 'tello_driver' build argument 'catkin_cmake_args' from command line to 'None'
[1.549s] Level 5:colcon.colcon_core.verb:set package 'tello_driver' build argument 'catkin_skip_building_tests' from command line to 'False'
[1.549s] DEBUG:colcon.colcon_core.verb:Building package 'tello_driver' with the following arguments: {'ament_cmake_args': None, 'build_base': '/home/oem/tello_ros_ws/src/tello_ros/build/tello_driver', 'catkin_cmake_args': None, 'catkin_skip_building_tests': False, 'cmake_args': None, 'cmake_clean_cache': False, 'cmake_clean_first': False, 'cmake_force_configure': False, 'cmake_target': None, 'cmake_target_skip_unavailable': False, 'install_base': '/home/oem/tello_ros_ws/src/tello_ros/install/tello_driver', 'merge_install': False, 'path': '/home/oem/tello_ros_ws/src/tello_ros/tello_driver', 'symlink_install': False, 'test_result_base': None}
[1.572s] Level 5:colcon.colcon_core.verb:set package 'tello_gazebo' build argument 'cmake_args' from command line to 'None'
[1.572s] Level 5:colcon.colcon_core.verb:set package 'tello_gazebo' build argument 'cmake_target' from command line to 'None'
[1.572s] Level 5:colcon.colcon_core.verb:set package 'tello_gazebo' build argument 'cmake_target_skip_unavailable' from command line to 'False'
[1.572s] Level 5:colcon.colcon_core.verb:set package 'tello_gazebo' build argument 'cmake_clean_cache' from command line to 'False'
[1.572s] Level 5:colcon.colcon_core.verb:set package 'tello_gazebo' build argument 'cmake_clean_first' from command line to 'False'
[1.572s] Level 5:colcon.colcon_core.verb:set package 'tello_gazebo' build argument 'cmake_force_configure' from command line to 'False'
[1.572s] Level 5:colcon.colcon_core.verb:set package 'tello_gazebo' build argument 'ament_cmake_args' from command line to 'None'
[1.572s] Level 5:colcon.colcon_core.verb:set package 'tello_gazebo' build argument 'catkin_cmake_args' from command line to 'None'
[1.572s] Level 5:colcon.colcon_core.verb:set package 'tello_gazebo' build argument 'catkin_skip_building_tests' from command line to 'False'
[1.572s] DEBUG:colcon.colcon_core.verb:Building package 'tello_gazebo' with the following arguments: {'ament_cmake_args': None, 'build_base': '/home/oem/tello_ros_ws/src/tello_ros/build/tello_gazebo', 'catkin_cmake_args': None, 'catkin_skip_building_tests': False, 'cmake_args': None, 'cmake_clean_cache': False, 'cmake_clean_first': False, 'cmake_force_configure': False, 'cmake_target': None, 'cmake_target_skip_unavailable': False, 'install_base': '/home/oem/tello_ros_ws/src/tello_ros/install/tello_gazebo', 'merge_install': False, 'path': '/home/oem/tello_ros_ws/src/tello_ros/tello_gazebo', 'symlink_install': False, 'test_result_base': None}
[1.591s] INFO:colcon.colcon_core.executor:Executing jobs using 'parallel' executor
[1.611s] DEBUG:colcon.colcon_parallel_executor.executor.parallel:run_until_complete
[1.612s] INFO:colcon.colcon_ros.task.ament_cmake.build:Building ROS package in '/home/oem/tello_ros_ws/src/tello_ros/tello_msgs' with build type 'ament_cmake'
[1.612s] INFO:colcon.colcon_cmake.task.cmake.build:Building CMake package in '/home/oem/tello_ros_ws/src/tello_ros/tello_msgs'
[1.632s] INFO:colcon.colcon_core.plugin_system:Skipping extension 'colcon_core.shell.bat': Not used on non-Windows systems
[1.632s] INFO:colcon.colcon_core.shell:Skip shell extension 'powershell' for command environment: Not usable outside of PowerShell
[1.632s] DEBUG:colcon.colcon_core.shell:Skip shell extension 'dsv' for command environment
[1.712s] DEBUG:colcon.colcon_core.shell:Ignoring prefix path '/home/oem/catkin_ws/devel'
[1.734s] INFO:colcon.colcon_ros.task.ament_python.build:Building ROS package in '/home/oem/tello_ros_ws/src/tello_ros/EB2A-Tello' with build type 'ament_python'
[1.734s] Level 1:colcon.colcon_core.shell:create_environment_hook('py_pubsub', 'ament_prefix_path')
[1.756s] INFO:colcon.colcon_core.shell:Creating environment hook '/home/oem/tello_ros_ws/src/tello_ros/install/py_pubsub/share/py_pubsub/hook/ament_prefix_path.ps1'
[1.756s] INFO:colcon.colcon_core.shell:Creating environment descriptor '/home/oem/tello_ros_ws/src/tello_ros/install/py_pubsub/share/py_pubsub/hook/ament_prefix_path.dsv'
[1.756s] INFO:colcon.colcon_core.shell:Creating environment hook '/home/oem/tello_ros_ws/src/tello_ros/install/py_pubsub/share/py_pubsub/hook/ament_prefix_path.sh'
[1.778s] INFO:colcon.colcon_core.shell:Skip shell extension 'powershell' for command environment: Not usable outside of PowerShell
[1.778s] DEBUG:colcon.colcon_core.shell:Skip shell extension 'dsv' for command environment
[1.864s] DEBUG:colcon.colcon_core.shell:Ignoring prefix path '/home/oem/catkin_ws/devel'
[1.886s] INFO:colcon.colcon_ros.task.ament_cmake.build:Building ROS package in '/home/oem/tello_ros_ws/src/tello_ros/tello_description' with build type 'ament_cmake'
[1.886s] INFO:colcon.colcon_cmake.task.cmake.build:Building CMake package in '/home/oem/tello_ros_ws/src/tello_ros/tello_description'
[1.906s] INFO:colcon.colcon_core.shell:Skip shell extension 'powershell' for command environment: Not usable outside of PowerShell
[1.906s] DEBUG:colcon.colcon_core.shell:Skip shell extension 'dsv' for command environment
[1.989s] DEBUG:colcon.colcon_core.shell:Ignoring prefix path '/home/oem/catkin_ws/devel'
[2.019s] DEBUG:colcon.colcon_core.event_handler.log_command:Invoking command in '/home/oem/tello_ros_ws/src/tello_ros/build/tello_msgs': CMAKE_PREFIX_PATH=/home/oem/tello_ros_ws/install/monitor:/home/oem/tello_ros_ws/install/py_pubsub:/opt/ros/foxy:${CMAKE_PREFIX_PATH} /usr/local/bin/cmake /home/oem/tello_ros_ws/src/tello_ros/tello_msgs -DCMAKE_INSTALL_PREFIX=/home/oem/tello_ros_ws/src/tello_ros/install/tello_msgs
[2.145s] INFO:colcon.colcon_core.task.python.build:Building Python package in '/home/oem/tello_ros_ws/src/tello_ros/EB2A-Tello'
[2.167s] INFO:colcon.colcon_core.shell:Skip shell extension 'powershell' for command environment: Not usable outside of PowerShell
[2.167s] DEBUG:colcon.colcon_core.shell:Skip shell extension 'dsv' for command environment
[2.253s] DEBUG:colcon.colcon_core.shell:Ignoring prefix path '/home/oem/catkin_ws/devel'
[2.280s] DEBUG:colcon.colcon_core.event_handler.log_command:Invoking command in '/home/oem/tello_ros_ws/src/tello_ros/build/tello_description': CMAKE_PREFIX_PATH=/home/oem/tello_ros_ws/install/monitor:/home/oem/tello_ros_ws/install/py_pubsub:/opt/ros/foxy:${CMAKE_PREFIX_PATH} /usr/local/bin/cmake /home/oem/tello_ros_ws/src/tello_ros/tello_description -DCMAKE_INSTALL_PREFIX=/home/oem/tello_ros_ws/src/tello_ros/install/tello_description
[2.472s] DEBUG:colcon.colcon_core.event_handler.log_command:Invoking command in '/home/oem/tello_ros_ws/src/tello_ros/EB2A-Tello': PYTHONPATH=/home/oem/tello_ros_ws/src/tello_ros/build/py_pubsub/prefix_override:/home/oem/tello_ros_ws/src/tello_ros/install/py_pubsub/lib/python3.8/site-packages:${PYTHONPATH} /usr/bin/python3 setup.py egg_info --egg-base ../build/py_pubsub build --build-base /home/oem/tello_ros_ws/src/tello_ros/build/py_pubsub/build install --record /home/oem/tello_ros_ws/src/tello_ros/build/py_pubsub/install.log --single-version-externally-managed
[2.568s] DEBUG:colcon.colcon_core.event_handler.log_command:Invoked command in '/home/oem/tello_ros_ws/src/tello_ros/build/tello_description' returned '0': CMAKE_PREFIX_PATH=/home/oem/tello_ros_ws/install/monitor:/home/oem/tello_ros_ws/install/py_pubsub:/opt/ros/foxy:${CMAKE_PREFIX_PATH} /usr/local/bin/cmake /home/oem/tello_ros_ws/src/tello_ros/tello_description -DCMAKE_INSTALL_PREFIX=/home/oem/tello_ros_ws/src/tello_ros/install/tello_description
[2.570s] DEBUG:colcon.colcon_core.event_handler.log_command:Invoking command in '/home/oem/tello_ros_ws/src/tello_ros/build/tello_description': CMAKE_PREFIX_PATH=/home/oem/tello_ros_ws/install/monitor:/home/oem/tello_ros_ws/install/py_pubsub:/opt/ros/foxy:${CMAKE_PREFIX_PATH} /usr/local/bin/cmake --build /home/oem/tello_ros_ws/src/tello_ros/build/tello_description -- -j32 -l32
[2.605s] DEBUG:colcon.colcon_core.event_handler.log_command:Invoked command in '/home/oem/tello_ros_ws/src/tello_ros/build/tello_description' returned '0': CMAKE_PREFIX_PATH=/home/oem/tello_ros_ws/install/monitor:/home/oem/tello_ros_ws/install/py_pubsub:/opt/ros/foxy:${CMAKE_PREFIX_PATH} /usr/local/bin/cmake --build /home/oem/tello_ros_ws/src/tello_ros/build/tello_description -- -j32 -l32
[2.620s] DEBUG:colcon.colcon_core.event_handler.log_command:Invoking command in '/home/oem/tello_ros_ws/src/tello_ros/build/tello_description': CMAKE_PREFIX_PATH=/home/oem/tello_ros_ws/install/monitor:/home/oem/tello_ros_ws/install/py_pubsub:/opt/ros/foxy:${CMAKE_PREFIX_PATH} /usr/local/bin/cmake --install /home/oem/tello_ros_ws/src/tello_ros/build/tello_description
[2.621s] DEBUG:colcon.colcon_core.event_handler.log_command:Invoked command in '/home/oem/tello_ros_ws/src/tello_ros/EB2A-Tello' returned '0': PYTHONPATH=/home/oem/tello_ros_ws/src/tello_ros/build/py_pubsub/prefix_override:/home/oem/tello_ros_ws/src/tello_ros/install/py_pubsub/lib/python3.8/site-packages:${PYTHONPATH} /usr/bin/python3 setup.py egg_info --egg-base ../build/py_pubsub build --build-base /home/oem/tello_ros_ws/src/tello_ros/build/py_pubsub/build install --record /home/oem/tello_ros_ws/src/tello_ros/build/py_pubsub/install.log --single-version-externally-managed
[2.645s] Level 1:colcon.colcon_core.environment:checking '/home/oem/tello_ros_ws/src/tello_ros/install/py_pubsub' for CMake module files
[2.645s] Level 1:colcon.colcon_core.environment:checking '/home/oem/tello_ros_ws/src/tello_ros/install/py_pubsub' for CMake config files
[2.645s] Level 1:colcon.colcon_core.environment:checking '/home/oem/tello_ros_ws/src/tello_ros/install/py_pubsub/lib'
[2.645s] Level 1:colcon.colcon_core.environment:checking '/home/oem/tello_ros_ws/src/tello_ros/install/py_pubsub/bin'
[2.645s] Level 1:colcon.colcon_core.environment:checking '/home/oem/tello_ros_ws/src/tello_ros/install/py_pubsub/lib/pkgconfig/py_pubsub.pc'
[2.646s] Level 1:colcon.colcon_core.environment:checking '/home/oem/tello_ros_ws/src/tello_ros/install/py_pubsub/lib/python3.8/site-packages'
[2.646s] Level 1:colcon.colcon_core.shell:create_environment_hook('py_pubsub', 'pythonpath')
[2.667s] INFO:colcon.colcon_core.shell:Creating environment hook '/home/oem/tello_ros_ws/src/tello_ros/install/py_pubsub/share/py_pubsub/hook/pythonpath.ps1'
[2.667s] INFO:colcon.colcon_core.shell:Creating environment descriptor '/home/oem/tello_ros_ws/src/tello_ros/install/py_pubsub/share/py_pubsub/hook/pythonpath.dsv'
[2.667s] INFO:colcon.colcon_core.shell:Creating environment hook '/home/oem/tello_ros_ws/src/tello_ros/install/py_pubsub/share/py_pubsub/hook/pythonpath.sh'
[2.667s] Level 1:colcon.colcon_core.environment:checking '/home/oem/tello_ros_ws/src/tello_ros/install/py_pubsub/bin'
[2.667s] Level 1:colcon.colcon_core.environment:create_environment_scripts_only(py_pubsub)
[2.689s] INFO:colcon.colcon_core.shell:Creating package script '/home/oem/tello_ros_ws/src/tello_ros/install/py_pubsub/share/py_pubsub/package.ps1'
[2.689s] INFO:colcon.colcon_core.shell:Creating package descriptor '/home/oem/tello_ros_ws/src/tello_ros/install/py_pubsub/share/py_pubsub/package.dsv'
[2.689s] INFO:colcon.colcon_core.shell:Creating package script '/home/oem/tello_ros_ws/src/tello_ros/install/py_pubsub/share/py_pubsub/package.sh'
[2.689s] INFO:colcon.colcon_core.shell:Creating package script '/home/oem/tello_ros_ws/src/tello_ros/install/py_pubsub/share/py_pubsub/package.bash'
[2.690s] INFO:colcon.colcon_core.shell:Creating package script '/home/oem/tello_ros_ws/src/tello_ros/install/py_pubsub/share/py_pubsub/package.zsh'
[2.690s] Level 1:colcon.colcon_core.environment:create_file_with_runtime_dependencies(/home/oem/tello_ros_ws/src/tello_ros/install/py_pubsub/share/colcon-core/packages/py_pubsub)
[2.691s] Level 1:colcon.colcon_core.environment:create_environment_scripts_only(tello_description)
[2.691s] DEBUG:colcon.colcon_core.event_handler.log_command:Invoked command in '/home/oem/tello_ros_ws/src/tello_ros/build/tello_description' returned '0': CMAKE_PREFIX_PATH=/home/oem/tello_ros_ws/install/monitor:/home/oem/tello_ros_ws/install/py_pubsub:/opt/ros/foxy:${CMAKE_PREFIX_PATH} /usr/local/bin/cmake --install /home/oem/tello_ros_ws/src/tello_ros/build/tello_description
[2.713s] Level 1:colcon.colcon_core.environment:checking '/home/oem/tello_ros_ws/src/tello_ros/install/tello_description' for CMake module files
[2.713s] Level 1:colcon.colcon_core.environment:checking '/home/oem/tello_ros_ws/src/tello_ros/install/tello_description' for CMake config files
[2.713s] Level 1:colcon.colcon_core.shell:create_environment_hook('tello_description', 'cmake_prefix_path')
[2.734s] INFO:colcon.colcon_core.shell:Creating environment hook '/home/oem/tello_ros_ws/src/tello_ros/install/tello_description/share/tello_description/hook/cmake_prefix_path.ps1'
[2.734s] INFO:colcon.colcon_core.shell:Creating environment descriptor '/home/oem/tello_ros_ws/src/tello_ros/install/tello_description/share/tello_description/hook/cmake_prefix_path.dsv'
[2.734s] INFO:colcon.colcon_core.shell:Creating environment hook '/home/oem/tello_ros_ws/src/tello_ros/install/tello_description/share/tello_description/hook/cmake_prefix_path.sh'
[2.735s] Level 1:colcon.colcon_core.environment:checking '/home/oem/tello_ros_ws/src/tello_ros/install/tello_description/bin'
[2.735s] Level 1:colcon.colcon_core.environment:checking '/home/oem/tello_ros_ws/src/tello_ros/install/tello_description/lib/pkgconfig/tello_description.pc'
[2.735s] Level 1:colcon.colcon_core.environment:checking '/home/oem/tello_ros_ws/src/tello_ros/install/tello_description/lib/python3.8/site-packages'
[2.735s] Level 1:colcon.colcon_core.environment:checking '/home/oem/tello_ros_ws/src/tello_ros/install/tello_description/bin'
[2.756s] INFO:colcon.colcon_core.shell:Creating package script '/home/oem/tello_ros_ws/src/tello_ros/install/tello_description/share/tello_description/package.ps1'
[2.756s] INFO:colcon.colcon_core.shell:Creating package descriptor '/home/oem/tello_ros_ws/src/tello_ros/install/tello_description/share/tello_description/package.dsv'
[2.756s] INFO:colcon.colcon_core.shell:Creating package script '/home/oem/tello_ros_ws/src/tello_ros/install/tello_description/share/tello_description/package.sh'
[2.757s] INFO:colcon.colcon_core.shell:Creating package script '/home/oem/tello_ros_ws/src/tello_ros/install/tello_description/share/tello_description/package.bash'
[2.757s] INFO:colcon.colcon_core.shell:Creating package script '/home/oem/tello_ros_ws/src/tello_ros/install/tello_description/share/tello_description/package.zsh'
[2.757s] Level 1:colcon.colcon_core.environment:create_file_with_runtime_dependencies(/home/oem/tello_ros_ws/src/tello_ros/install/tello_description/share/colcon-core/packages/tello_description)
[2.759s] DEBUG:colcon.colcon_core.event_handler.log_command:Invoked command in '/home/oem/tello_ros_ws/src/tello_ros/build/tello_msgs' returned '0': CMAKE_PREFIX_PATH=/home/oem/tello_ros_ws/install/monitor:/home/oem/tello_ros_ws/install/py_pubsub:/opt/ros/foxy:${CMAKE_PREFIX_PATH} /usr/local/bin/cmake /home/oem/tello_ros_ws/src/tello_ros/tello_msgs -DCMAKE_INSTALL_PREFIX=/home/oem/tello_ros_ws/src/tello_ros/install/tello_msgs
[2.761s] DEBUG:colcon.colcon_core.event_handler.log_command:Invoking command in '/home/oem/tello_ros_ws/src/tello_ros/build/tello_msgs': CMAKE_PREFIX_PATH=/home/oem/tello_ros_ws/install/monitor:/home/oem/tello_ros_ws/install/py_pubsub:/opt/ros/foxy:${CMAKE_PREFIX_PATH} /usr/local/bin/cmake --build /home/oem/tello_ros_ws/src/tello_ros/build/tello_msgs -- -j32 -l32
[2.788s] Level 1:colcon.colcon_core.environment:create_environment_scripts_only(tello_description)
[2.809s] Level 1:colcon.colcon_core.environment:checking '/home/oem/tello_ros_ws/src/tello_ros/install/tello_description' for CMake module files
[2.810s] Level 1:colcon.colcon_core.environment:checking '/home/oem/tello_ros_ws/src/tello_ros/install/tello_description' for CMake config files
[2.810s] Level 1:colcon.colcon_core.shell:create_environment_hook('tello_description', 'cmake_prefix_path')
[2.831s] INFO:colcon.colcon_core.shell:Creating environment hook '/home/oem/tello_ros_ws/src/tello_ros/install/tello_description/share/tello_description/hook/cmake_prefix_path.ps1'
[2.831s] INFO:colcon.colcon_core.shell:Creating environment descriptor '/home/oem/tello_ros_ws/src/tello_ros/install/tello_description/share/tello_description/hook/cmake_prefix_path.dsv'
[2.832s] INFO:colcon.colcon_core.shell:Creating environment hook '/home/oem/tello_ros_ws/src/tello_ros/install/tello_description/share/tello_description/hook/cmake_prefix_path.sh'
[2.832s] Level 1:colcon.colcon_core.environment:checking '/home/oem/tello_ros_ws/src/tello_ros/install/tello_description/bin'
[2.832s] Level 1:colcon.colcon_core.environment:checking '/home/oem/tello_ros_ws/src/tello_ros/install/tello_description/lib/pkgconfig/tello_description.pc'
[2.832s] Level 1:colcon.colcon_core.environment:checking '/home/oem/tello_ros_ws/src/tello_ros/install/tello_description/lib/python3.8/site-packages'
[2.832s] Level 1:colcon.colcon_core.environment:checking '/home/oem/tello_ros_ws/src/tello_ros/install/tello_description/bin'
[2.854s] INFO:colcon.colcon_core.shell:Creating package script '/home/oem/tello_ros_ws/src/tello_ros/install/tello_description/share/tello_description/package.ps1'
[2.854s] INFO:colcon.colcon_core.shell:Creating package descriptor '/home/oem/tello_ros_ws/src/tello_ros/install/tello_description/share/tello_description/package.dsv'
[2.854s] INFO:colcon.colcon_core.shell:Creating package script '/home/oem/tello_ros_ws/src/tello_ros/install/tello_description/share/tello_description/package.sh'
[2.854s] INFO:colcon.colcon_core.shell:Creating package script '/home/oem/tello_ros_ws/src/tello_ros/install/tello_description/share/tello_description/package.bash'
[2.854s] INFO:colcon.colcon_core.shell:Creating package script '/home/oem/tello_ros_ws/src/tello_ros/install/tello_description/share/tello_description/package.zsh'
[2.854s] Level 1:colcon.colcon_core.environment:create_file_with_runtime_dependencies(/home/oem/tello_ros_ws/src/tello_ros/install/tello_description/share/colcon-core/packages/tello_description)
[4.526s] DEBUG:colcon.colcon_core.event_handler.log_command:Invoked command in '/home/oem/tello_ros_ws/src/tello_ros/build/tello_msgs' returned '0': CMAKE_PREFIX_PATH=/home/oem/tello_ros_ws/install/monitor:/home/oem/tello_ros_ws/install/py_pubsub:/opt/ros/foxy:${CMAKE_PREFIX_PATH} /usr/local/bin/cmake --build /home/oem/tello_ros_ws/src/tello_ros/build/tello_msgs -- -j32 -l32
[4.650s] DEBUG:colcon.colcon_core.event_handler.log_command:Invoking command in '/home/oem/tello_ros_ws/src/tello_ros/build/tello_msgs': CMAKE_PREFIX_PATH=/home/oem/tello_ros_ws/install/monitor:/home/oem/tello_ros_ws/install/py_pubsub:/opt/ros/foxy:${CMAKE_PREFIX_PATH} /usr/local/bin/cmake --install /home/oem/tello_ros_ws/src/tello_ros/build/tello_msgs
[4.695s] Level 1:colcon.colcon_core.environment:create_environment_scripts_only(tello_msgs)
[4.695s] DEBUG:colcon.colcon_core.event_handler.log_command:Invoked command in '/home/oem/tello_ros_ws/src/tello_ros/build/tello_msgs' returned '0': CMAKE_PREFIX_PATH=/home/oem/tello_ros_ws/install/monitor:/home/oem/tello_ros_ws/install/py_pubsub:/opt/ros/foxy:${CMAKE_PREFIX_PATH} /usr/local/bin/cmake --install /home/oem/tello_ros_ws/src/tello_ros/build/tello_msgs
[4.724s] Level 1:colcon.colcon_core.environment:checking '/home/oem/tello_ros_ws/src/tello_ros/install/tello_msgs' for CMake module files
[4.724s] Level 1:colcon.colcon_core.environment:checking '/home/oem/tello_ros_ws/src/tello_ros/install/tello_msgs' for CMake config files
[4.724s] Level 1:colcon.colcon_core.shell:create_environment_hook('tello_msgs', 'cmake_prefix_path')
[4.745s] INFO:colcon.colcon_core.shell:Creating environment hook '/home/oem/tello_ros_ws/src/tello_ros/install/tello_msgs/share/tello_msgs/hook/cmake_prefix_path.ps1'
[4.746s] INFO:colcon.colcon_core.shell:Creating environment descriptor '/home/oem/tello_ros_ws/src/tello_ros/install/tello_msgs/share/tello_msgs/hook/cmake_prefix_path.dsv'
[4.746s] INFO:colcon.colcon_core.shell:Creating environment hook '/home/oem/tello_ros_ws/src/tello_ros/install/tello_msgs/share/tello_msgs/hook/cmake_prefix_path.sh'
[4.746s] Level 1:colcon.colcon_core.environment:checking '/home/oem/tello_ros_ws/src/tello_ros/install/tello_msgs/lib'
[4.746s] Level 1:colcon.colcon_core.shell:create_environment_hook('tello_msgs', 'ld_library_path_lib')
[4.766s] INFO:colcon.colcon_core.shell:Creating environment hook '/home/oem/tello_ros_ws/src/tello_ros/install/tello_msgs/share/tello_msgs/hook/ld_library_path_lib.ps1'
[4.766s] INFO:colcon.colcon_core.shell:Creating environment descriptor '/home/oem/tello_ros_ws/src/tello_ros/install/tello_msgs/share/tello_msgs/hook/ld_library_path_lib.dsv'
[4.766s] INFO:colcon.colcon_core.shell:Creating environment hook '/home/oem/tello_ros_ws/src/tello_ros/install/tello_msgs/share/tello_msgs/hook/ld_library_path_lib.sh'
[4.767s] Level 1:colcon.colcon_core.environment:checking '/home/oem/tello_ros_ws/src/tello_ros/install/tello_msgs/bin'
[4.767s] Level 1:colcon.colcon_core.environment:checking '/home/oem/tello_ros_ws/src/tello_ros/install/tello_msgs/lib/pkgconfig/tello_msgs.pc'
[4.767s] Level 1:colcon.colcon_core.environment:checking '/home/oem/tello_ros_ws/src/tello_ros/install/tello_msgs/lib/python3.8/site-packages'
[4.767s] Level 1:colcon.colcon_core.shell:create_environment_hook('tello_msgs', 'pythonpath')
[4.787s] INFO:colcon.colcon_core.shell:Creating environment hook '/home/oem/tello_ros_ws/src/tello_ros/install/tello_msgs/share/tello_msgs/hook/pythonpath.ps1'
[4.787s] INFO:colcon.colcon_core.shell:Creating environment descriptor '/home/oem/tello_ros_ws/src/tello_ros/install/tello_msgs/share/tello_msgs/hook/pythonpath.dsv'
[4.787s] INFO:colcon.colcon_core.shell:Creating environment hook '/home/oem/tello_ros_ws/src/tello_ros/install/tello_msgs/share/tello_msgs/hook/pythonpath.sh'
[4.787s] Level 1:colcon.colcon_core.environment:checking '/home/oem/tello_ros_ws/src/tello_ros/install/tello_msgs/bin'
[4.813s] INFO:colcon.colcon_core.shell:Creating package script '/home/oem/tello_ros_ws/src/tello_ros/install/tello_msgs/share/tello_msgs/package.ps1'
[4.813s] INFO:colcon.colcon_core.shell:Creating package descriptor '/home/oem/tello_ros_ws/src/tello_ros/install/tello_msgs/share/tello_msgs/package.dsv'
[4.813s] INFO:colcon.colcon_core.shell:Creating package script '/home/oem/tello_ros_ws/src/tello_ros/install/tello_msgs/share/tello_msgs/package.sh'
[4.813s] INFO:colcon.colcon_core.shell:Creating package script '/home/oem/tello_ros_ws/src/tello_ros/install/tello_msgs/share/tello_msgs/package.bash'
[4.813s] INFO:colcon.colcon_core.shell:Creating package script '/home/oem/tello_ros_ws/src/tello_ros/install/tello_msgs/share/tello_msgs/package.zsh'
[4.814s] Level 1:colcon.colcon_core.environment:create_file_with_runtime_dependencies(/home/oem/tello_ros_ws/src/tello_ros/install/tello_msgs/share/colcon-core/packages/tello_msgs)
[4.878s] Level 1:colcon.colcon_core.environment:create_environment_scripts_only(tello_msgs)
[4.899s] Level 1:colcon.colcon_core.environment:checking '/home/oem/tello_ros_ws/src/tello_ros/install/tello_msgs' for CMake module files
[4.899s] Level 1:colcon.colcon_core.environment:checking '/home/oem/tello_ros_ws/src/tello_ros/install/tello_msgs' for CMake config files
[4.899s] Level 1:colcon.colcon_core.shell:create_environment_hook('tello_msgs', 'cmake_prefix_path')
[4.921s] INFO:colcon.colcon_core.shell:Creating environment hook '/home/oem/tello_ros_ws/src/tello_ros/install/tello_msgs/share/tello_msgs/hook/cmake_prefix_path.ps1'
[4.921s] INFO:colcon.colcon_core.shell:Creating environment descriptor '/home/oem/tello_ros_ws/src/tello_ros/install/tello_msgs/share/tello_msgs/hook/cmake_prefix_path.dsv'
[4.921s] INFO:colcon.colcon_core.shell:Creating environment hook '/home/oem/tello_ros_ws/src/tello_ros/install/tello_msgs/share/tello_msgs/hook/cmake_prefix_path.sh'
[4.921s] Level 1:colcon.colcon_core.environment:checking '/home/oem/tello_ros_ws/src/tello_ros/install/tello_msgs/lib'
[4.921s] Level 1:colcon.colcon_core.shell:create_environment_hook('tello_msgs', 'ld_library_path_lib')
[4.942s] INFO:colcon.colcon_core.shell:Creating environment hook '/home/oem/tello_ros_ws/src/tello_ros/install/tello_msgs/share/tello_msgs/hook/ld_library_path_lib.ps1'
[4.942s] INFO:colcon.colcon_core.shell:Creating environment descriptor '/home/oem/tello_ros_ws/src/tello_ros/install/tello_msgs/share/tello_msgs/hook/ld_library_path_lib.dsv'
[4.942s] INFO:colcon.colcon_core.shell:Creating environment hook '/home/oem/tello_ros_ws/src/tello_ros/install/tello_msgs/share/tello_msgs/hook/ld_library_path_lib.sh'
[4.942s] Level 1:colcon.colcon_core.environment:checking '/home/oem/tello_ros_ws/src/tello_ros/install/tello_msgs/bin'
[4.943s] Level 1:colcon.colcon_core.environment:checking '/home/oem/tello_ros_ws/src/tello_ros/install/tello_msgs/lib/pkgconfig/tello_msgs.pc'
[4.943s] Level 1:colcon.colcon_core.environment:checking '/home/oem/tello_ros_ws/src/tello_ros/install/tello_msgs/lib/python3.8/site-packages'
[4.943s] Level 1:colcon.colcon_core.shell:create_environment_hook('tello_msgs', 'pythonpath')
[4.963s] INFO:colcon.colcon_core.shell:Creating environment hook '/home/oem/tello_ros_ws/src/tello_ros/install/tello_msgs/share/tello_msgs/hook/pythonpath.ps1'
[4.963s] INFO:colcon.colcon_core.shell:Creating environment descriptor '/home/oem/tello_ros_ws/src/tello_ros/install/tello_msgs/share/tello_msgs/hook/pythonpath.dsv'
[4.963s] INFO:colcon.colcon_core.shell:Creating environment hook '/home/oem/tello_ros_ws/src/tello_ros/install/tello_msgs/share/tello_msgs/hook/pythonpath.sh'
[4.963s] Level 1:colcon.colcon_core.environment:checking '/home/oem/tello_ros_ws/src/tello_ros/install/tello_msgs/bin'
[4.983s] INFO:colcon.colcon_core.shell:Creating package script '/home/oem/tello_ros_ws/src/tello_ros/install/tello_msgs/share/tello_msgs/package.ps1'
[4.983s] INFO:colcon.colcon_core.shell:Creating package descriptor '/home/oem/tello_ros_ws/src/tello_ros/install/tello_msgs/share/tello_msgs/package.dsv'
[4.983s] INFO:colcon.colcon_core.shell:Creating package script '/home/oem/tello_ros_ws/src/tello_ros/install/tello_msgs/share/tello_msgs/package.sh'
[4.984s] INFO:colcon.colcon_core.shell:Creating package script '/home/oem/tello_ros_ws/src/tello_ros/install/tello_msgs/share/tello_msgs/package.bash'
[4.984s] INFO:colcon.colcon_core.shell:Creating package script '/home/oem/tello_ros_ws/src/tello_ros/install/tello_msgs/share/tello_msgs/package.zsh'
[4.984s] Level 1:colcon.colcon_core.environment:create_file_with_runtime_dependencies(/home/oem/tello_ros_ws/src/tello_ros/install/tello_msgs/share/colcon-core/packages/tello_msgs)
[4.984s] INFO:colcon.colcon_ros.task.ament_cmake.build:Building ROS package in '/home/oem/tello_ros_ws/src/tello_ros/tello_driver' with build type 'ament_cmake'
[4.984s] INFO:colcon.colcon_cmake.task.cmake.build:Building CMake package in '/home/oem/tello_ros_ws/src/tello_ros/tello_driver'
[5.005s] INFO:colcon.colcon_core.shell:Skip shell extension 'powershell' for command environment: Not usable outside of PowerShell
[5.005s] DEBUG:colcon.colcon_core.shell:Skip shell extension 'dsv' for command environment
[5.089s] DEBUG:colcon.colcon_core.shell:Ignoring prefix path '/home/oem/catkin_ws/devel'
[5.110s] INFO:colcon.colcon_ros.task.ament_cmake.build:Building ROS package in '/home/oem/tello_ros_ws/src/tello_ros/tello_gazebo' with build type 'ament_cmake'
[5.111s] INFO:colcon.colcon_cmake.task.cmake.build:Building CMake package in '/home/oem/tello_ros_ws/src/tello_ros/tello_gazebo'
[5.132s] INFO:colcon.colcon_core.shell:Skip shell extension 'powershell' for command environment: Not usable outside of PowerShell
[5.132s] DEBUG:colcon.colcon_core.shell:Skip shell extension 'dsv' for command environment
[5.216s] DEBUG:colcon.colcon_core.shell:Ignoring prefix path '/home/oem/catkin_ws/devel'
[5.240s] DEBUG:colcon.colcon_core.event_handler.log_command:Invoking command in '/home/oem/tello_ros_ws/src/tello_ros/build/tello_driver': AMENT_PREFIX_PATH=/home/oem/tello_ros_ws/src/tello_ros/install/tello_msgs:${AMENT_PREFIX_PATH} CMAKE_PREFIX_PATH=/home/oem/tello_ros_ws/src/tello_ros/install/tello_msgs:/home/oem/tello_ros_ws/install/monitor:/home/oem/tello_ros_ws/install/py_pubsub:/opt/ros/foxy:${CMAKE_PREFIX_PATH} LD_LIBRARY_PATH=/home/oem/tello_ros_ws/src/tello_ros/install/tello_msgs/lib:${LD_LIBRARY_PATH} PYTHONPATH=/home/oem/tello_ros_ws/src/tello_ros/install/tello_msgs/lib/python3.8/site-packages:${PYTHONPATH} /usr/local/bin/cmake /home/oem/tello_ros_ws/src/tello_ros/tello_driver -DCMAKE_INSTALL_PREFIX=/home/oem/tello_ros_ws/src/tello_ros/install/tello_driver
[5.241s] DEBUG:colcon.colcon_core.event_handler.log_command:Invoking command in '/home/oem/tello_ros_ws/src/tello_ros/build/tello_gazebo': AMENT_PREFIX_PATH=/home/oem/tello_ros_ws/src/tello_ros/install/tello_msgs:${AMENT_PREFIX_PATH} CMAKE_PREFIX_PATH=/home/oem/tello_ros_ws/src/tello_ros/install/tello_msgs:/home/oem/tello_ros_ws/install/monitor:/home/oem/tello_ros_ws/install/py_pubsub:/opt/ros/foxy:${CMAKE_PREFIX_PATH} LD_LIBRARY_PATH=/home/oem/tello_ros_ws/src/tello_ros/install/tello_msgs/lib:${LD_LIBRARY_PATH} PYTHONPATH=/home/oem/tello_ros_ws/src/tello_ros/install/tello_msgs/lib/python3.8/site-packages:${PYTHONPATH} /usr/local/bin/cmake /home/oem/tello_ros_ws/src/tello_ros/tello_gazebo -DCMAKE_INSTALL_PREFIX=/home/oem/tello_ros_ws/src/tello_ros/install/tello_gazebo
[6.047s] DEBUG:colcon.colcon_core.event_handler.log_command:Invoked command in '/home/oem/tello_ros_ws/src/tello_ros/build/tello_driver' returned '0': AMENT_PREFIX_PATH=/home/oem/tello_ros_ws/src/tello_ros/install/tello_msgs:${AMENT_PREFIX_PATH} CMAKE_PREFIX_PATH=/home/oem/tello_ros_ws/src/tello_ros/install/tello_msgs:/home/oem/tello_ros_ws/install/monitor:/home/oem/tello_ros_ws/install/py_pubsub:/opt/ros/foxy:${CMAKE_PREFIX_PATH} LD_LIBRARY_PATH=/home/oem/tello_ros_ws/src/tello_ros/install/tello_msgs/lib:${LD_LIBRARY_PATH} PYTHONPATH=/home/oem/tello_ros_ws/src/tello_ros/install/tello_msgs/lib/python3.8/site-packages:${PYTHONPATH} /usr/local/bin/cmake /home/oem/tello_ros_ws/src/tello_ros/tello_driver -DCMAKE_INSTALL_PREFIX=/home/oem/tello_ros_ws/src/tello_ros/install/tello_driver
[6.047s] DEBUG:colcon.colcon_core.event_handler.log_command:Invoking command in '/home/oem/tello_ros_ws/src/tello_ros/build/tello_driver': AMENT_PREFIX_PATH=/home/oem/tello_ros_ws/src/tello_ros/install/tello_msgs:${AMENT_PREFIX_PATH} CMAKE_PREFIX_PATH=/home/oem/tello_ros_ws/src/tello_ros/install/tello_msgs:/home/oem/tello_ros_ws/install/monitor:/home/oem/tello_ros_ws/install/py_pubsub:/opt/ros/foxy:${CMAKE_PREFIX_PATH} LD_LIBRARY_PATH=/home/oem/tello_ros_ws/src/tello_ros/install/tello_msgs/lib:${LD_LIBRARY_PATH} PYTHONPATH=/home/oem/tello_ros_ws/src/tello_ros/install/tello_msgs/lib/python3.8/site-packages:${PYTHONPATH} /usr/local/bin/cmake --build /home/oem/tello_ros_ws/src/tello_ros/build/tello_driver -- -j32 -l32
[6.824s] DEBUG:colcon.colcon_core.event_handler.log_command:Invoked command in '/home/oem/tello_ros_ws/src/tello_ros/build/tello_gazebo' returned '0': AMENT_PREFIX_PATH=/home/oem/tello_ros_ws/src/tello_ros/install/tello_msgs:${AMENT_PREFIX_PATH} CMAKE_PREFIX_PATH=/home/oem/tello_ros_ws/src/tello_ros/install/tello_msgs:/home/oem/tello_ros_ws/install/monitor:/home/oem/tello_ros_ws/install/py_pubsub:/opt/ros/foxy:${CMAKE_PREFIX_PATH} LD_LIBRARY_PATH=/home/oem/tello_ros_ws/src/tello_ros/install/tello_msgs/lib:${LD_LIBRARY_PATH} PYTHONPATH=/home/oem/tello_ros_ws/src/tello_ros/install/tello_msgs/lib/python3.8/site-packages:${PYTHONPATH} /usr/local/bin/cmake /home/oem/tello_ros_ws/src/tello_ros/tello_gazebo -DCMAKE_INSTALL_PREFIX=/home/oem/tello_ros_ws/src/tello_ros/install/tello_gazebo
[6.827s] DEBUG:colcon.colcon_core.event_handler.log_command:Invoking command in '/home/oem/tello_ros_ws/src/tello_ros/build/tello_gazebo': AMENT_PREFIX_PATH=/home/oem/tello_ros_ws/src/tello_ros/install/tello_msgs:${AMENT_PREFIX_PATH} CMAKE_PREFIX_PATH=/home/oem/tello_ros_ws/src/tello_ros/install/tello_msgs:/home/oem/tello_ros_ws/install/monitor:/home/oem/tello_ros_ws/install/py_pubsub:/opt/ros/foxy:${CMAKE_PREFIX_PATH} LD_LIBRARY_PATH=/home/oem/tello_ros_ws/src/tello_ros/install/tello_msgs/lib:${LD_LIBRARY_PATH} PYTHONPATH=/home/oem/tello_ros_ws/src/tello_ros/install/tello_msgs/lib/python3.8/site-packages:${PYTHONPATH} /usr/local/bin/cmake --build /home/oem/tello_ros_ws/src/tello_ros/build/tello_gazebo -- -j32 -l32
[10.529s] DEBUG:colcon.colcon_core.event_handler.log_command:Invoked command in '/home/oem/tello_ros_ws/src/tello_ros/build/tello_driver' returned '0': AMENT_PREFIX_PATH=/home/oem/tello_ros_ws/src/tello_ros/install/tello_msgs:${AMENT_PREFIX_PATH} CMAKE_PREFIX_PATH=/home/oem/tello_ros_ws/src/tello_ros/install/tello_msgs:/home/oem/tello_ros_ws/install/monitor:/home/oem/tello_ros_ws/install/py_pubsub:/opt/ros/foxy:${CMAKE_PREFIX_PATH} LD_LIBRARY_PATH=/home/oem/tello_ros_ws/src/tello_ros/install/tello_msgs/lib:${LD_LIBRARY_PATH} PYTHONPATH=/home/oem/tello_ros_ws/src/tello_ros/install/tello_msgs/lib/python3.8/site-packages:${PYTHONPATH} /usr/local/bin/cmake --build /home/oem/tello_ros_ws/src/tello_ros/build/tello_driver -- -j32 -l32
[10.545s] DEBUG:colcon.colcon_core.event_handler.log_command:Invoking command in '/home/oem/tello_ros_ws/src/tello_ros/build/tello_driver': AMENT_PREFIX_PATH=/home/oem/tello_ros_ws/src/tello_ros/install/tello_msgs:${AMENT_PREFIX_PATH} CMAKE_PREFIX_PATH=/home/oem/tello_ros_ws/src/tello_ros/install/tello_msgs:/home/oem/tello_ros_ws/install/monitor:/home/oem/tello_ros_ws/install/py_pubsub:/opt/ros/foxy:${CMAKE_PREFIX_PATH} LD_LIBRARY_PATH=/home/oem/tello_ros_ws/src/tello_ros/install/tello_msgs/lib:${LD_LIBRARY_PATH} PYTHONPATH=/home/oem/tello_ros_ws/src/tello_ros/install/tello_msgs/lib/python3.8/site-packages:${PYTHONPATH} /usr/local/bin/cmake --install /home/oem/tello_ros_ws/src/tello_ros/build/tello_driver
[10.555s] Level 1:colcon.colcon_core.environment:create_environment_scripts_only(tello_driver)
[10.555s] DEBUG:colcon.colcon_core.event_handler.log_command:Invoked command in '/home/oem/tello_ros_ws/src/tello_ros/build/tello_driver' returned '0': AMENT_PREFIX_PATH=/home/oem/tello_ros_ws/src/tello_ros/install/tello_msgs:${AMENT_PREFIX_PATH} CMAKE_PREFIX_PATH=/home/oem/tello_ros_ws/src/tello_ros/install/tello_msgs:/home/oem/tello_ros_ws/install/monitor:/home/oem/tello_ros_ws/install/py_pubsub:/opt/ros/foxy:${CMAKE_PREFIX_PATH} LD_LIBRARY_PATH=/home/oem/tello_ros_ws/src/tello_ros/install/tello_msgs/lib:${LD_LIBRARY_PATH} PYTHONPATH=/home/oem/tello_ros_ws/src/tello_ros/install/tello_msgs/lib/python3.8/site-packages:${PYTHONPATH} /usr/local/bin/cmake --install /home/oem/tello_ros_ws/src/tello_ros/build/tello_driver
[10.577s] Level 1:colcon.colcon_core.environment:checking '/home/oem/tello_ros_ws/src/tello_ros/install/tello_driver' for CMake module files
[10.577s] Level 1:colcon.colcon_core.environment:checking '/home/oem/tello_ros_ws/src/tello_ros/install/tello_driver' for CMake config files
[10.577s] Level 1:colcon.colcon_core.shell:create_environment_hook('tello_driver', 'cmake_prefix_path')
[10.598s] INFO:colcon.colcon_core.shell:Creating environment hook '/home/oem/tello_ros_ws/src/tello_ros/install/tello_driver/share/tello_driver/hook/cmake_prefix_path.ps1'
[10.598s] INFO:colcon.colcon_core.shell:Creating environment descriptor '/home/oem/tello_ros_ws/src/tello_ros/install/tello_driver/share/tello_driver/hook/cmake_prefix_path.dsv'
[10.598s] INFO:colcon.colcon_core.shell:Creating environment hook '/home/oem/tello_ros_ws/src/tello_ros/install/tello_driver/share/tello_driver/hook/cmake_prefix_path.sh'
[10.599s] Level 1:colcon.colcon_core.environment:checking '/home/oem/tello_ros_ws/src/tello_ros/install/tello_driver/lib'
[10.599s] Level 1:colcon.colcon_core.shell:create_environment_hook('tello_driver', 'ld_library_path_lib')
[10.619s] INFO:colcon.colcon_core.shell:Creating environment hook '/home/oem/tello_ros_ws/src/tello_ros/install/tello_driver/share/tello_driver/hook/ld_library_path_lib.ps1'
[10.619s] INFO:colcon.colcon_core.shell:Creating environment descriptor '/home/oem/tello_ros_ws/src/tello_ros/install/tello_driver/share/tello_driver/hook/ld_library_path_lib.dsv'
[10.620s] INFO:colcon.colcon_core.shell:Creating environment hook '/home/oem/tello_ros_ws/src/tello_ros/install/tello_driver/share/tello_driver/hook/ld_library_path_lib.sh'
[10.620s] Level 1:colcon.colcon_core.environment:checking '/home/oem/tello_ros_ws/src/tello_ros/install/tello_driver/bin'
[10.620s] Level 1:colcon.colcon_core.environment:checking '/home/oem/tello_ros_ws/src/tello_ros/install/tello_driver/lib/pkgconfig/tello_driver.pc'
[10.620s] Level 1:colcon.colcon_core.environment:checking '/home/oem/tello_ros_ws/src/tello_ros/install/tello_driver/lib/python3.8/site-packages'
[10.620s] Level 1:colcon.colcon_core.environment:checking '/home/oem/tello_ros_ws/src/tello_ros/install/tello_driver/bin'
[10.640s] INFO:colcon.colcon_core.shell:Creating package script '/home/oem/tello_ros_ws/src/tello_ros/install/tello_driver/share/tello_driver/package.ps1'
[10.641s] INFO:colcon.colcon_core.shell:Creating package descriptor '/home/oem/tello_ros_ws/src/tello_ros/install/tello_driver/share/tello_driver/package.dsv'
[10.641s] INFO:colcon.colcon_core.shell:Creating package script '/home/oem/tello_ros_ws/src/tello_ros/install/tello_driver/share/tello_driver/package.sh'
[10.641s] INFO:colcon.colcon_core.shell:Creating package script '/home/oem/tello_ros_ws/src/tello_ros/install/tello_driver/share/tello_driver/package.bash'
[10.641s] INFO:colcon.colcon_core.shell:Creating package script '/home/oem/tello_ros_ws/src/tello_ros/install/tello_driver/share/tello_driver/package.zsh'
[10.641s] Level 1:colcon.colcon_core.environment:create_file_with_runtime_dependencies(/home/oem/tello_ros_ws/src/tello_ros/install/tello_driver/share/colcon-core/packages/tello_driver)
[10.685s] Level 1:colcon.colcon_core.environment:create_environment_scripts_only(tello_driver)
[10.705s] Level 1:colcon.colcon_core.environment:checking '/home/oem/tello_ros_ws/src/tello_ros/install/tello_driver' for CMake module files
[10.706s] Level 1:colcon.colcon_core.environment:checking '/home/oem/tello_ros_ws/src/tello_ros/install/tello_driver' for CMake config files
[10.706s] Level 1:colcon.colcon_core.shell:create_environment_hook('tello_driver', 'cmake_prefix_path')
[10.726s] INFO:colcon.colcon_core.shell:Creating environment hook '/home/oem/tello_ros_ws/src/tello_ros/install/tello_driver/share/tello_driver/hook/cmake_prefix_path.ps1'
[10.726s] INFO:colcon.colcon_core.shell:Creating environment descriptor '/home/oem/tello_ros_ws/src/tello_ros/install/tello_driver/share/tello_driver/hook/cmake_prefix_path.dsv'
[10.727s] INFO:colcon.colcon_core.shell:Creating environment hook '/home/oem/tello_ros_ws/src/tello_ros/install/tello_driver/share/tello_driver/hook/cmake_prefix_path.sh'
[10.727s] Level 1:colcon.colcon_core.environment:checking '/home/oem/tello_ros_ws/src/tello_ros/install/tello_driver/lib'
[10.727s] Level 1:colcon.colcon_core.shell:create_environment_hook('tello_driver', 'ld_library_path_lib')
[10.747s] INFO:colcon.colcon_core.shell:Creating environment hook '/home/oem/tello_ros_ws/src/tello_ros/install/tello_driver/share/tello_driver/hook/ld_library_path_lib.ps1'
[10.748s] INFO:colcon.colcon_core.shell:Creating environment descriptor '/home/oem/tello_ros_ws/src/tello_ros/install/tello_driver/share/tello_driver/hook/ld_library_path_lib.dsv'
[10.748s] INFO:colcon.colcon_core.shell:Creating environment hook '/home/oem/tello_ros_ws/src/tello_ros/install/tello_driver/share/tello_driver/hook/ld_library_path_lib.sh'
[10.748s] Level 1:colcon.colcon_core.environment:checking '/home/oem/tello_ros_ws/src/tello_ros/install/tello_driver/bin'
[10.748s] Level 1:colcon.colcon_core.environment:checking '/home/oem/tello_ros_ws/src/tello_ros/install/tello_driver/lib/pkgconfig/tello_driver.pc'
[10.748s] Level 1:colcon.colcon_core.environment:checking '/home/oem/tello_ros_ws/src/tello_ros/install/tello_driver/lib/python3.8/site-packages'
[10.748s] Level 1:colcon.colcon_core.environment:checking '/home/oem/tello_ros_ws/src/tello_ros/install/tello_driver/bin'
[10.769s] INFO:colcon.colcon_core.shell:Creating package script '/home/oem/tello_ros_ws/src/tello_ros/install/tello_driver/share/tello_driver/package.ps1'
[10.769s] INFO:colcon.colcon_core.shell:Creating package descriptor '/home/oem/tello_ros_ws/src/tello_ros/install/tello_driver/share/tello_driver/package.dsv'
[10.769s] INFO:colcon.colcon_core.shell:Creating package script '/home/oem/tello_ros_ws/src/tello_ros/install/tello_driver/share/tello_driver/package.sh'
[10.769s] INFO:colcon.colcon_core.shell:Creating package script '/home/oem/tello_ros_ws/src/tello_ros/install/tello_driver/share/tello_driver/package.bash'
[10.769s] INFO:colcon.colcon_core.shell:Creating package script '/home/oem/tello_ros_ws/src/tello_ros/install/tello_driver/share/tello_driver/package.zsh'
[10.770s] Level 1:colcon.colcon_core.environment:create_file_with_runtime_dependencies(/home/oem/tello_ros_ws/src/tello_ros/install/tello_driver/share/colcon-core/packages/tello_driver)
[14.179s] DEBUG:colcon.colcon_core.event_handler.log_command:Invoked command in '/home/oem/tello_ros_ws/src/tello_ros/build/tello_gazebo' returned '0': AMENT_PREFIX_PATH=/home/oem/tello_ros_ws/src/tello_ros/install/tello_msgs:${AMENT_PREFIX_PATH} CMAKE_PREFIX_PATH=/home/oem/tello_ros_ws/src/tello_ros/install/tello_msgs:/home/oem/tello_ros_ws/install/monitor:/home/oem/tello_ros_ws/install/py_pubsub:/opt/ros/foxy:${CMAKE_PREFIX_PATH} LD_LIBRARY_PATH=/home/oem/tello_ros_ws/src/tello_ros/install/tello_msgs/lib:${LD_LIBRARY_PATH} PYTHONPATH=/home/oem/tello_ros_ws/src/tello_ros/install/tello_msgs/lib/python3.8/site-packages:${PYTHONPATH} /usr/local/bin/cmake --build /home/oem/tello_ros_ws/src/tello_ros/build/tello_gazebo -- -j32 -l32
[14.189s] DEBUG:colcon.colcon_core.event_handler.log_command:Invoking command in '/home/oem/tello_ros_ws/src/tello_ros/build/tello_gazebo': AMENT_PREFIX_PATH=/home/oem/tello_ros_ws/src/tello_ros/install/tello_msgs:${AMENT_PREFIX_PATH} CMAKE_PREFIX_PATH=/home/oem/tello_ros_ws/src/tello_ros/install/tello_msgs:/home/oem/tello_ros_ws/install/monitor:/home/oem/tello_ros_ws/install/py_pubsub:/opt/ros/foxy:${CMAKE_PREFIX_PATH} LD_LIBRARY_PATH=/home/oem/tello_ros_ws/src/tello_ros/install/tello_msgs/lib:${LD_LIBRARY_PATH} PYTHONPATH=/home/oem/tello_ros_ws/src/tello_ros/install/tello_msgs/lib/python3.8/site-packages:${PYTHONPATH} /usr/local/bin/cmake --install /home/oem/tello_ros_ws/src/tello_ros/build/tello_gazebo
[14.512s] Level 1:colcon.colcon_core.environment:create_environment_scripts_only(tello_gazebo)
[14.512s] DEBUG:colcon.colcon_core.event_handler.log_command:Invoked command in '/home/oem/tello_ros_ws/src/tello_ros/build/tello_gazebo' returned '0': AMENT_PREFIX_PATH=/home/oem/tello_ros_ws/src/tello_ros/install/tello_msgs:${AMENT_PREFIX_PATH} CMAKE_PREFIX_PATH=/home/oem/tello_ros_ws/src/tello_ros/install/tello_msgs:/home/oem/tello_ros_ws/install/monitor:/home/oem/tello_ros_ws/install/py_pubsub:/opt/ros/foxy:${CMAKE_PREFIX_PATH} LD_LIBRARY_PATH=/home/oem/tello_ros_ws/src/tello_ros/install/tello_msgs/lib:${LD_LIBRARY_PATH} PYTHONPATH=/home/oem/tello_ros_ws/src/tello_ros/install/tello_msgs/lib/python3.8/site-packages:${PYTHONPATH} /usr/local/bin/cmake --install /home/oem/tello_ros_ws/src/tello_ros/build/tello_gazebo
[14.534s] Level 1:colcon.colcon_core.environment:checking '/home/oem/tello_ros_ws/src/tello_ros/install/tello_gazebo' for CMake module files
[14.534s] Level 1:colcon.colcon_core.environment:checking '/home/oem/tello_ros_ws/src/tello_ros/install/tello_gazebo' for CMake config files
[14.534s] Level 1:colcon.colcon_core.shell:create_environment_hook('tello_gazebo', 'cmake_prefix_path')
[14.555s] INFO:colcon.colcon_core.shell:Creating environment hook '/home/oem/tello_ros_ws/src/tello_ros/install/tello_gazebo/share/tello_gazebo/hook/cmake_prefix_path.ps1'
[14.555s] INFO:colcon.colcon_core.shell:Creating environment descriptor '/home/oem/tello_ros_ws/src/tello_ros/install/tello_gazebo/share/tello_gazebo/hook/cmake_prefix_path.dsv'
[14.555s] INFO:colcon.colcon_core.shell:Creating environment hook '/home/oem/tello_ros_ws/src/tello_ros/install/tello_gazebo/share/tello_gazebo/hook/cmake_prefix_path.sh'
[14.556s] Level 1:colcon.colcon_core.environment:checking '/home/oem/tello_ros_ws/src/tello_ros/install/tello_gazebo/lib'
[14.556s] Level 1:colcon.colcon_core.shell:create_environment_hook('tello_gazebo', 'ld_library_path_lib')
[14.576s] INFO:colcon.colcon_core.shell:Creating environment hook '/home/oem/tello_ros_ws/src/tello_ros/install/tello_gazebo/share/tello_gazebo/hook/ld_library_path_lib.ps1'
[14.576s] INFO:colcon.colcon_core.shell:Creating environment descriptor '/home/oem/tello_ros_ws/src/tello_ros/install/tello_gazebo/share/tello_gazebo/hook/ld_library_path_lib.dsv'
[14.576s] INFO:colcon.colcon_core.shell:Creating environment hook '/home/oem/tello_ros_ws/src/tello_ros/install/tello_gazebo/share/tello_gazebo/hook/ld_library_path_lib.sh'
[14.576s] Level 1:colcon.colcon_core.environment:checking '/home/oem/tello_ros_ws/src/tello_ros/install/tello_gazebo/bin'
[14.576s] Level 1:colcon.colcon_core.environment:checking '/home/oem/tello_ros_ws/src/tello_ros/install/tello_gazebo/lib/pkgconfig/tello_gazebo.pc'
[14.576s] Level 1:colcon.colcon_core.environment:checking '/home/oem/tello_ros_ws/src/tello_ros/install/tello_gazebo/lib/python3.8/site-packages'
[14.576s] Level 1:colcon.colcon_core.environment:checking '/home/oem/tello_ros_ws/src/tello_ros/install/tello_gazebo/bin'
[14.596s] INFO:colcon.colcon_core.shell:Creating package script '/home/oem/tello_ros_ws/src/tello_ros/install/tello_gazebo/share/tello_gazebo/package.ps1'
[14.596s] INFO:colcon.colcon_core.shell:Creating package descriptor '/home/oem/tello_ros_ws/src/tello_ros/install/tello_gazebo/share/tello_gazebo/package.dsv'
[14.596s] INFO:colcon.colcon_core.shell:Creating package script '/home/oem/tello_ros_ws/src/tello_ros/install/tello_gazebo/share/tello_gazebo/package.sh'
[14.597s] INFO:colcon.colcon_core.shell:Creating package script '/home/oem/tello_ros_ws/src/tello_ros/install/tello_gazebo/share/tello_gazebo/package.bash'
[14.597s] INFO:colcon.colcon_core.shell:Creating package script '/home/oem/tello_ros_ws/src/tello_ros/install/tello_gazebo/share/tello_gazebo/package.zsh'
[14.597s] Level 1:colcon.colcon_core.environment:create_file_with_runtime_dependencies(/home/oem/tello_ros_ws/src/tello_ros/install/tello_gazebo/share/colcon-core/packages/tello_gazebo)
[14.627s] Level 1:colcon.colcon_core.environment:create_environment_scripts_only(tello_gazebo)
[14.647s] Level 1:colcon.colcon_core.environment:checking '/home/oem/tello_ros_ws/src/tello_ros/install/tello_gazebo' for CMake module files
[14.647s] Level 1:colcon.colcon_core.environment:checking '/home/oem/tello_ros_ws/src/tello_ros/install/tello_gazebo' for CMake config files
[14.647s] Level 1:colcon.colcon_core.shell:create_environment_hook('tello_gazebo', 'cmake_prefix_path')
[14.668s] INFO:colcon.colcon_core.shell:Creating environment hook '/home/oem/tello_ros_ws/src/tello_ros/install/tello_gazebo/share/tello_gazebo/hook/cmake_prefix_path.ps1'
[14.668s] INFO:colcon.colcon_core.shell:Creating environment descriptor '/home/oem/tello_ros_ws/src/tello_ros/install/tello_gazebo/share/tello_gazebo/hook/cmake_prefix_path.dsv'
[14.668s] INFO:colcon.colcon_core.shell:Creating environment hook '/home/oem/tello_ros_ws/src/tello_ros/install/tello_gazebo/share/tello_gazebo/hook/cmake_prefix_path.sh'
[14.669s] Level 1:colcon.colcon_core.environment:checking '/home/oem/tello_ros_ws/src/tello_ros/install/tello_gazebo/lib'
[14.669s] Level 1:colcon.colcon_core.shell:create_environment_hook('tello_gazebo', 'ld_library_path_lib')
[14.690s] INFO:colcon.colcon_core.shell:Creating environment hook '/home/oem/tello_ros_ws/src/tello_ros/install/tello_gazebo/share/tello_gazebo/hook/ld_library_path_lib.ps1'
[14.690s] INFO:colcon.colcon_core.shell:Creating environment descriptor '/home/oem/tello_ros_ws/src/tello_ros/install/tello_gazebo/share/tello_gazebo/hook/ld_library_path_lib.dsv'
[14.690s] INFO:colcon.colcon_core.shell:Creating environment hook '/home/oem/tello_ros_ws/src/tello_ros/install/tello_gazebo/share/tello_gazebo/hook/ld_library_path_lib.sh'
[14.690s] Level 1:colcon.colcon_core.environment:checking '/home/oem/tello_ros_ws/src/tello_ros/install/tello_gazebo/bin'
[14.690s] Level 1:colcon.colcon_core.environment:checking '/home/oem/tello_ros_ws/src/tello_ros/install/tello_gazebo/lib/pkgconfig/tello_gazebo.pc'
[14.690s] Level 1:colcon.colcon_core.environment:checking '/home/oem/tello_ros_ws/src/tello_ros/install/tello_gazebo/lib/python3.8/site-packages'
[14.690s] Level 1:colcon.colcon_core.environment:checking '/home/oem/tello_ros_ws/src/tello_ros/install/tello_gazebo/bin'
[14.711s] INFO:colcon.colcon_core.shell:Creating package script '/home/oem/tello_ros_ws/src/tello_ros/install/tello_gazebo/share/tello_gazebo/package.ps1'
[14.711s] INFO:colcon.colcon_core.shell:Creating package descriptor '/home/oem/tello_ros_ws/src/tello_ros/install/tello_gazebo/share/tello_gazebo/package.dsv'
[14.711s] INFO:colcon.colcon_core.shell:Creating package script '/home/oem/tello_ros_ws/src/tello_ros/install/tello_gazebo/share/tello_gazebo/package.sh'
[14.711s] INFO:colcon.colcon_core.shell:Creating package script '/home/oem/tello_ros_ws/src/tello_ros/install/tello_gazebo/share/tello_gazebo/package.bash'
[14.711s] INFO:colcon.colcon_core.shell:Creating package script '/home/oem/tello_ros_ws/src/tello_ros/install/tello_gazebo/share/tello_gazebo/package.zsh'
[14.712s] Level 1:colcon.colcon_core.environment:create_file_with_runtime_dependencies(/home/oem/tello_ros_ws/src/tello_ros/install/tello_gazebo/share/colcon-core/packages/tello_gazebo)
[14.712s] DEBUG:colcon.colcon_parallel_executor.executor.parallel:closing loop
[14.712s] DEBUG:colcon.colcon_parallel_executor.executor.parallel:loop closed
[14.712s] DEBUG:colcon.colcon_parallel_executor.executor.parallel:run_until_complete finished with '0'
[14.712s] DEBUG:colcon.colcon_core.event_reactor:joining thread
[14.735s] INFO:colcon.colcon_core.plugin_system:Skipping extension 'colcon_notification.desktop_notification.terminal_notifier': Not used on non-Darwin systems
[14.735s] INFO:colcon.colcon_core.plugin_system:Skipping extension 'colcon_notification.desktop_notification.win32': Not used on non-Windows systems
[14.735s] INFO:colcon.colcon_notification.desktop_notification:Sending desktop notification using 'notify2'
[14.743s] DEBUG:colcon.colcon_core.event_reactor:joined thread
[14.764s] INFO:colcon.colcon_core.shell:Creating prefix script '/home/oem/tello_ros_ws/src/tello_ros/install/local_setup.ps1'
[14.764s] INFO:colcon.colcon_core.shell:Creating prefix util module '/home/oem/tello_ros_ws/src/tello_ros/install/_local_setup_util_ps1.py'
[14.765s] INFO:colcon.colcon_core.shell:Creating prefix chain script '/home/oem/tello_ros_ws/src/tello_ros/install/setup.ps1'
[14.786s] INFO:colcon.colcon_core.shell:Creating prefix script '/home/oem/tello_ros_ws/src/tello_ros/install/local_setup.sh'
[14.786s] INFO:colcon.colcon_core.shell:Creating prefix util module '/home/oem/tello_ros_ws/src/tello_ros/install/_local_setup_util_sh.py'
[14.787s] INFO:colcon.colcon_core.shell:Creating prefix chain script '/home/oem/tello_ros_ws/src/tello_ros/install/setup.sh'
[14.808s] INFO:colcon.colcon_core.shell:Creating prefix script '/home/oem/tello_ros_ws/src/tello_ros/install/local_setup.bash'
[14.808s] INFO:colcon.colcon_core.shell:Creating prefix chain script '/home/oem/tello_ros_ws/src/tello_ros/install/setup.bash'
[14.829s] INFO:colcon.colcon_core.shell:Creating prefix script '/home/oem/tello_ros_ws/src/tello_ros/install/local_setup.zsh'
[14.829s] INFO:colcon.colcon_core.shell:Creating prefix chain script '/home/oem/tello_ros_ws/src/tello_ros/install/setup.zsh'
