[0.382s] Invoking command in '/home/oem/tello_ros_ws/src/tello_ros/build/tello_description': CMAKE_PREFIX_PATH=/home/oem/tello_ros_ws/install/monitor:/home/oem/tello_ros_ws/install/py_pubsub:/opt/ros/foxy:${CMAKE_PREFIX_PATH} /usr/local/bin/cmake --build /home/oem/tello_ros_ws/src/tello_ros/build/tello_description -- -j32 -l32
[0.390s] [ 11%] Built target generate_urdf
[0.390s] [ 22%] Built target generate_urdf_1
[0.390s] [ 33%] Built target generate_urdf_2
[0.390s] [ 55%] Built target generate_urdf_4
[0.390s] [ 55%] Built target generate_urdf_3
[0.390s] [ 66%] Built target generate_urdf_6
[0.391s] [ 77%] Built target generate_urdf_5
[0.391s] [ 88%] Built target generate_urdf_7
[0.392s] [100%] Built target generate_urdf_8
[0.394s] Invoked command in '/home/oem/tello_ros_ws/src/tello_ros/build/tello_description' returned '0': CMAKE_PREFIX_PATH=/home/oem/tello_ros_ws/install/monitor:/home/oem/tello_ros_ws/install/py_pubsub:/opt/ros/foxy:${CMAKE_PREFIX_PATH} /usr/local/bin/cmake --build /home/oem/tello_ros_ws/src/tello_ros/build/tello_description -- -j32 -l32
[0.406s] Invoking command in '/home/oem/tello_ros_ws/src/tello_ros/build/tello_description': CMAKE_PREFIX_PATH=/home/oem/tello_ros_ws/install/monitor:/home/oem/tello_ros_ws/install/py_pubsub:/opt/ros/foxy:${CMAKE_PREFIX_PATH} /usr/local/bin/cmake --install /home/oem/tello_ros_ws/src/tello_ros/build/tello_description
[0.407s] -- Install configuration: ""
[0.407s] -- Up-to-date: /home/oem/tello_ros_ws/src/tello_ros/install/tello_description/share/tello_description/urdf
[0.408s] -- Up-to-date: /home/oem/tello_ros_ws/src/tello_ros/install/tello_description/share/tello_description/urdf/tello_2.urdf
[0.408s] -- Up-to-date: /home/oem/tello_ros_ws/src/tello_ros/install/tello_description/share/tello_description/urdf/tello_4.urdf
[0.408s] -- Up-to-date: /home/oem/tello_ros_ws/src/tello_ros/install/tello_description/share/tello_description/urdf/tello_7.urdf
[0.408s] -- Up-to-date: /home/oem/tello_ros_ws/src/tello_ros/install/tello_description/share/tello_description/urdf/tello_5.urdf
[0.408s] -- Up-to-date: /home/oem/tello_ros_ws/src/tello_ros/install/tello_description/share/tello_description/urdf/tello_1.urdf
[0.408s] -- Up-to-date: /home/oem/tello_ros_ws/src/tello_ros/install/tello_description/share/tello_description/urdf/tello_6.urdf
[0.408s] -- Up-to-date: /home/oem/tello_ros_ws/src/tello_ros/install/tello_description/share/tello_description/urdf/tello_8.urdf
[0.408s] -- Up-to-date: /home/oem/tello_ros_ws/src/tello_ros/install/tello_description/share/tello_description/urdf/tello_3.urdf
[0.408s] -- Up-to-date: /home/oem/tello_ros_ws/src/tello_ros/install/tello_description/share/tello_description/urdf/tello.urdf
[0.408s] -- Up-to-date: /home/oem/tello_ros_ws/src/tello_ros/install/tello_description/share/ament_index/resource_index/package_run_dependencies/tello_description
[0.408s] -- Up-to-date: /home/oem/tello_ros_ws/src/tello_ros/install/tello_description/share/ament_index/resource_index/parent_prefix_path/tello_description
[0.409s] -- Up-to-date: /home/oem/tello_ros_ws/src/tello_ros/install/tello_description/share/tello_description/environment/ament_prefix_path.sh
[0.409s] -- Up-to-date: /home/oem/tello_ros_ws/src/tello_ros/install/tello_description/share/tello_description/environment/ament_prefix_path.dsv
[0.409s] -- Up-to-date: /home/oem/tello_ros_ws/src/tello_ros/install/tello_description/share/tello_description/environment/path.sh
[0.409s] -- Up-to-date: /home/oem/tello_ros_ws/src/tello_ros/install/tello_description/share/tello_description/environment/path.dsv
[0.409s] -- Up-to-date: /home/oem/tello_ros_ws/src/tello_ros/install/tello_description/share/tello_description/local_setup.bash
[0.409s] -- Up-to-date: /home/oem/tello_ros_ws/src/tello_ros/install/tello_description/share/tello_description/local_setup.sh
[0.409s] -- Up-to-date: /home/oem/tello_ros_ws/src/tello_ros/install/tello_description/share/tello_description/local_setup.zsh
[0.409s] -- Up-to-date: /home/oem/tello_ros_ws/src/tello_ros/install/tello_description/share/tello_description/local_setup.dsv
[0.409s] -- Up-to-date: /home/oem/tello_ros_ws/src/tello_ros/install/tello_description/share/tello_description/package.dsv
[0.409s] -- Up-to-date: /home/oem/tello_ros_ws/src/tello_ros/install/tello_description/share/ament_index/resource_index/packages/tello_description
[0.409s] -- Up-to-date: /home/oem/tello_ros_ws/src/tello_ros/install/tello_description/share/tello_description/cmake/tello_descriptionConfig.cmake
[0.409s] -- Up-to-date: /home/oem/tello_ros_ws/src/tello_ros/install/tello_description/share/tello_description/cmake/tello_descriptionConfig-version.cmake
[0.409s] -- Up-to-date: /home/oem/tello_ros_ws/src/tello_ros/install/tello_description/share/tello_description/package.xml
[0.410s] Invoked command in '/home/oem/tello_ros_ws/src/tello_ros/build/tello_description' returned '0': CMAKE_PREFIX_PATH=/home/oem/tello_ros_ws/install/monitor:/home/oem/tello_ros_ws/install/py_pubsub:/opt/ros/foxy:${CMAKE_PREFIX_PATH} /usr/local/bin/cmake --install /home/oem/tello_ros_ws/src/tello_ros/build/tello_description
