[0.247s] Invoking command in '/home/oem/tello_ros_ws/src/tello_ros/build/tello_driver': AMENT_PREFIX_PATH=/home/oem/tello_ros_ws/src/tello_ros/install/tello_msgs:${AMENT_PREFIX_PATH} CMAKE_PREFIX_PATH=/home/oem/tello_ros_ws/src/tello_ros/install/tello_msgs:/home/oem/tello_ros_ws/install/monitor:/home/oem/tello_ros_ws/install/py_pubsub:/opt/ros/foxy:${CMAKE_PREFIX_PATH} LD_LIBRARY_PATH=/home/oem/tello_ros_ws/src/tello_ros/install/tello_msgs/lib:${LD_LIBRARY_PATH} PYTHONPATH=/home/oem/tello_ros_ws/src/tello_ros/install/tello_msgs/lib/python3.8/site-packages:${PYTHONPATH} /usr/local/bin/cmake --build /home/oem/tello_ros_ws/src/tello_ros/build/tello_driver -- -j32 -l32
[0.261s] [  9%] Built target tello_emulator
[0.261s] [ 18%] Built target tello_joy_node
[0.262s] [ 31%] Built target tello_joy_main
[0.272s] [ 63%] Built target tello_driver_node
[0.274s] [100%] Built target tello_driver_main
[0.278s] Invoked command in '/home/oem/tello_ros_ws/src/tello_ros/build/tello_driver' returned '0': AMENT_PREFIX_PATH=/home/oem/tello_ros_ws/src/tello_ros/install/tello_msgs:${AMENT_PREFIX_PATH} CMAKE_PREFIX_PATH=/home/oem/tello_ros_ws/src/tello_ros/install/tello_msgs:/home/oem/tello_ros_ws/install/monitor:/home/oem/tello_ros_ws/install/py_pubsub:/opt/ros/foxy:${CMAKE_PREFIX_PATH} LD_LIBRARY_PATH=/home/oem/tello_ros_ws/src/tello_ros/install/tello_msgs/lib:${LD_LIBRARY_PATH} PYTHONPATH=/home/oem/tello_ros_ws/src/tello_ros/install/tello_msgs/lib/python3.8/site-packages:${PYTHONPATH} /usr/local/bin/cmake --build /home/oem/tello_ros_ws/src/tello_ros/build/tello_driver -- -j32 -l32
[0.324s] Invoking command in '/home/oem/tello_ros_ws/src/tello_ros/build/tello_driver': AMENT_PREFIX_PATH=/home/oem/tello_ros_ws/src/tello_ros/install/tello_msgs:${AMENT_PREFIX_PATH} CMAKE_PREFIX_PATH=/home/oem/tello_ros_ws/src/tello_ros/install/tello_msgs:/home/oem/tello_ros_ws/install/monitor:/home/oem/tello_ros_ws/install/py_pubsub:/opt/ros/foxy:${CMAKE_PREFIX_PATH} LD_LIBRARY_PATH=/home/oem/tello_ros_ws/src/tello_ros/install/tello_msgs/lib:${LD_LIBRARY_PATH} PYTHONPATH=/home/oem/tello_ros_ws/src/tello_ros/install/tello_msgs/lib/python3.8/site-packages:${PYTHONPATH} /usr/local/bin/cmake --install /home/oem/tello_ros_ws/src/tello_ros/build/tello_driver
[0.332s] -- Install configuration: ""
[0.333s] -- Up-to-date: /home/oem/tello_ros_ws/src/tello_ros/install/tello_driver/share/tello_driver/environment/library_path.sh
[0.333s] -- Up-to-date: /home/oem/tello_ros_ws/src/tello_ros/install/tello_driver/share/tello_driver/environment/library_path.dsv
[0.333s] -- Up-to-date: /home/oem/tello_ros_ws/src/tello_ros/install/tello_driver/lib/libtello_driver_node.so
[0.333s] -- Up-to-date: /home/oem/tello_ros_ws/src/tello_ros/install/tello_driver/lib/libtello_joy_node.so
[0.333s] -- Up-to-date: /home/oem/tello_ros_ws/src/tello_ros/install/tello_driver/lib/tello_driver/tello_driver_main
[0.333s] -- Up-to-date: /home/oem/tello_ros_ws/src/tello_ros/install/tello_driver/lib/tello_driver/tello_joy_main
[0.333s] -- Up-to-date: /home/oem/tello_ros_ws/src/tello_ros/install/tello_driver/lib/tello_driver/tello_emulator
[0.333s] -- Up-to-date: /home/oem/tello_ros_ws/src/tello_ros/install/tello_driver/share/tello_driver/cfg
[0.333s] -- Up-to-date: /home/oem/tello_ros_ws/src/tello_ros/install/tello_driver/share/tello_driver/cfg/camera_info.yaml
[0.333s] -- Up-to-date: /home/oem/tello_ros_ws/src/tello_ros/install/tello_driver/share/tello_driver/launch
[0.333s] -- Up-to-date: /home/oem/tello_ros_ws/src/tello_ros/install/tello_driver/share/tello_driver/launch/emulators_launch.py
[0.333s] -- Up-to-date: /home/oem/tello_ros_ws/src/tello_ros/install/tello_driver/share/tello_driver/launch/emulator_launch.py
[0.333s] -- Up-to-date: /home/oem/tello_ros_ws/src/tello_ros/install/tello_driver/share/tello_driver/launch/teleop_launch.py
[0.333s] -- Up-to-date: /home/oem/tello_ros_ws/src/tello_ros/install/tello_driver/share/ament_index/resource_index/package_run_dependencies/tello_driver
[0.333s] -- Up-to-date: /home/oem/tello_ros_ws/src/tello_ros/install/tello_driver/share/ament_index/resource_index/parent_prefix_path/tello_driver
[0.333s] -- Up-to-date: /home/oem/tello_ros_ws/src/tello_ros/install/tello_driver/share/tello_driver/environment/ament_prefix_path.sh
[0.333s] -- Up-to-date: /home/oem/tello_ros_ws/src/tello_ros/install/tello_driver/share/tello_driver/environment/ament_prefix_path.dsv
[0.333s] -- Up-to-date: /home/oem/tello_ros_ws/src/tello_ros/install/tello_driver/share/tello_driver/environment/path.sh
[0.333s] -- Up-to-date: /home/oem/tello_ros_ws/src/tello_ros/install/tello_driver/share/tello_driver/environment/path.dsv
[0.333s] -- Up-to-date: /home/oem/tello_ros_ws/src/tello_ros/install/tello_driver/share/tello_driver/local_setup.bash
[0.333s] -- Up-to-date: /home/oem/tello_ros_ws/src/tello_ros/install/tello_driver/share/tello_driver/local_setup.sh
[0.333s] -- Up-to-date: /home/oem/tello_ros_ws/src/tello_ros/install/tello_driver/share/tello_driver/local_setup.zsh
[0.333s] -- Up-to-date: /home/oem/tello_ros_ws/src/tello_ros/install/tello_driver/share/tello_driver/local_setup.dsv
[0.333s] -- Installing: /home/oem/tello_ros_ws/src/tello_ros/install/tello_driver/share/tello_driver/package.dsv
[0.333s] -- Up-to-date: /home/oem/tello_ros_ws/src/tello_ros/install/tello_driver/share/ament_index/resource_index/packages/tello_driver
[0.333s] -- Up-to-date: /home/oem/tello_ros_ws/src/tello_ros/install/tello_driver/share/ament_index/resource_index/rclcpp_components/tello_driver
[0.333s] -- Up-to-date: /home/oem/tello_ros_ws/src/tello_ros/install/tello_driver/share/tello_driver/cmake/tello_driverConfig.cmake
[0.333s] -- Up-to-date: /home/oem/tello_ros_ws/src/tello_ros/install/tello_driver/share/tello_driver/cmake/tello_driverConfig-version.cmake
[0.334s] -- Up-to-date: /home/oem/tello_ros_ws/src/tello_ros/install/tello_driver/share/tello_driver/package.xml
[0.339s] Invoked command in '/home/oem/tello_ros_ws/src/tello_ros/build/tello_driver' returned '0': AMENT_PREFIX_PATH=/home/oem/tello_ros_ws/src/tello_ros/install/tello_msgs:${AMENT_PREFIX_PATH} CMAKE_PREFIX_PATH=/home/oem/tello_ros_ws/src/tello_ros/install/tello_msgs:/home/oem/tello_ros_ws/install/monitor:/home/oem/tello_ros_ws/install/py_pubsub:/opt/ros/foxy:${CMAKE_PREFIX_PATH} LD_LIBRARY_PATH=/home/oem/tello_ros_ws/src/tello_ros/install/tello_msgs/lib:${LD_LIBRARY_PATH} PYTHONPATH=/home/oem/tello_ros_ws/src/tello_ros/install/tello_msgs/lib/python3.8/site-packages:${PYTHONPATH} /usr/local/bin/cmake --install /home/oem/tello_ros_ws/src/tello_ros/build/tello_driver
